Log file open, 11/06/19 16:30:42
LogWindows: Failed to load 'aqProf.dll' (GetLastError=126)
LogWindows: File 'aqProf.dll' does not exist
LogWindows: Failed to load 'VtuneApi.dll' (GetLastError=126)
LogWindows: File 'VtuneApi.dll' does not exist
LogWindows: Failed to load 'VtuneApi32e.dll' (GetLastError=126)
LogWindows: File 'VtuneApi32e.dll' does not exist
LogConsoleResponse: Display: Failed to find resolution value strings in scalability ini. Falling back to default.
LogInit: Display: Running engine for game: Fortnite
LogPlatformFile: Not using cached read wrapper
LogTaskGraph: Started task graph with 5 named threads and 23 total threads with 3 sets of task threads.
LogStats: Stats thread started at 0.068586
LogD3D11RHI: Loaded GFSDK_Aftermath_Lib.x64.dll
LogICUInternationalization: ICU TimeZone Detection - Raw Offset: +1:00, Platform Override: ''
LogPluginManager: Mounting plugin Paper2D
LogPluginManager: Mounting plugin AISupport
LogPluginManager: Mounting plugin LightPropagationVolume
LogPluginManager: Mounting plugin ActorLayerUtilities
LogPluginManager: Mounting plugin AnimationSharing
LogPluginManager: Mounting plugin CLionSourceCodeAccess
LogPluginManager: Mounting plugin CodeLiteSourceCodeAccess
LogPluginManager: Mounting plugin GitSourceControl
LogPluginManager: Mounting plugin KDevelopSourceCodeAccess
LogPluginManager: Mounting plugin NullSourceCodeAccess
LogPluginManager: Mounting plugin PerforceSourceControl
LogPluginManager: Mounting plugin SubversionSourceControl
LogPluginManager: Mounting plugin UObjectPlugin
LogPluginManager: Mounting plugin VisualStudioCodeSourceCodeAccess
LogPluginManager: Mounting plugin VisualStudioSourceCodeAccess
LogPluginManager: Mounting plugin XCodeSourceCodeAccess
LogPluginManager: Mounting plugin AssetManagerEditor
LogPluginManager: Mounting plugin CryptoKeys
LogPluginManager: Mounting plugin CurveEditorTools
LogPluginManager: Mounting plugin DataValidation
LogPluginManager: Mounting plugin FacialAnimation
LogPluginManager: Mounting plugin GameplayTagsEditor
LogPluginManager: Mounting plugin MacGraphicsSwitching
LogPluginManager: Mounting plugin MaterialAnalyzer
LogPluginManager: Mounting plugin MobileLauncherProfileWizard
LogPluginManager: Mounting plugin PluginBrowser
LogPluginManager: Mounting plugin SpeedTreeImporter
LogPluginManager: Mounting plugin DatasmithContent
LogPluginManager: Mounting plugin VariantManagerContent
LogPluginManager: Mounting plugin AlembicImporter
LogPluginManager: Mounting plugin AutomationUtils
LogPluginManager: Mounting plugin BackChannel
LogPluginManager: Mounting plugin CharacterAI
LogPluginManager: Mounting plugin GeometryCache
LogPluginManager: Mounting plugin HTML5Networking
LogPluginManager: Mounting plugin PlatformCrypto
LogPluginManager: Mounting plugin ProxyLODPlugin
LogPluginManager: Mounting plugin SkeletalReduction
LogPluginManager: Mounting plugin MagicLeap
LogPluginManager: Mounting plugin MagicLeapMedia
LogPluginManager: Mounting plugin AndroidMedia
LogPluginManager: Mounting plugin AvfMedia
LogPluginManager: Mounting plugin ImgMedia
LogPluginManager: Mounting plugin MediaCompositing
LogPluginManager: Mounting plugin MediaPlayerEditor
LogPluginManager: Mounting plugin WebMMedia
LogPluginManager: Mounting plugin WmfMedia
LogPluginManager: Mounting plugin TcpMessaging
LogPluginManager: Mounting plugin UdpMessaging
LogPluginManager: Mounting plugin ActorSequence
LogPluginManager: Mounting plugin LevelSequenceEditor
LogPluginManager: Mounting plugin MatineeToLevelSequence
LogPluginManager: Mounting plugin NetcodeUnitTest
LogPluginManager: Mounting plugin NUTUnrealEngine4
LogPluginManager: Mounting plugin OnlineSubsystemGooglePlay
LogPluginManager: Mounting plugin OnlineSubsystemIOS
LogPluginManager: Mounting plugin OnlineSubsystem
LogPluginManager: Mounting plugin OnlineSubsystemNull
LogPluginManager: Mounting plugin OnlineSubsystemUtils
LogPluginManager: Mounting plugin LauncherChunkInstaller
LogPluginManager: Mounting plugin AndroidDeviceProfileSelector
LogPluginManager: Mounting plugin AndroidMoviePlayer
LogPluginManager: Mounting plugin AndroidPermission
LogPluginManager: Mounting plugin AppleImageUtils
LogPluginManager: Mounting plugin AppleMoviePlayer
LogPluginManager: Mounting plugin ArchVisCharacter
LogPluginManager: Mounting plugin AudioCapture
LogPluginManager: Mounting plugin CableComponent
LogPluginManager: Mounting plugin CustomMeshComponent
LogPluginManager: Mounting plugin EditableMesh
LogPluginManager: Mounting plugin ExampleDeviceProfileSelector
LogPluginManager: Mounting plugin GoogleCloudMessaging
LogPluginManager: Mounting plugin IOSDeviceProfileSelector
LogPluginManager: Mounting plugin LinuxDeviceProfileSelector
LogPluginManager: Mounting plugin LocationServicesBPLibrary
LogPluginManager: Mounting plugin MobilePatchingUtils
LogPluginManager: Mounting plugin OculusVR
LogPluginManager: Mounting plugin PhysXVehicles
LogPluginManager: Mounting plugin ProceduralMeshComponent
LogPluginManager: Mounting plugin RuntimePhysXCooking
LogPluginManager: Mounting plugin SignificanceManager
LogPluginManager: Mounting plugin SteamVR
LogPluginManager: Mounting plugin WebMMoviePlayer
LogPluginManager: Mounting plugin WindowsMoviePlayer
LogPluginManager: Mounting plugin ScreenshotTools
LogInit: Using libcurl 7.55.1-DEV
LogInit:  - built for x86_64-pc-win32
LogInit:  - supports SSL with OpenSSL/1.1.1
LogInit:  - supports HTTP deflate (compression) using libz 1.2.8
LogInit:  - other features:
LogInit:      CURL_VERSION_SSL
LogInit:      CURL_VERSION_LIBZ
LogInit:      CURL_VERSION_IPV6
LogInit:      CURL_VERSION_ASYNCHDNS
LogInit:      CURL_VERSION_LARGEFILE
LogInit:      CURL_VERSION_IDN
LogInit:  CurlRequestOptions (configurable via config and command line):
LogInit:  - bVerifyPeer = true  - Libcurl will verify peer certificate
LogInit:  - bUseHttpProxy = false  - Libcurl will NOT use HTTP proxy
LogInit:  - bDontReuseConnections = false  - Libcurl will reuse connections
LogInit:  - MaxHostConnections = 16  - Libcurl will limit the number of connections to a host
LogInit:  - LocalHostAddr = Default
LogInit:  - BufferSize = 65536
LogOnline: OSS: Creating online subsystem instance for: NULL
LogInit: WinSock: version 1.1 (2.2), MaxSocks=32767, MaxUdp=65467
LogInit: Build: ++UE4+Release-4.23-CL-8386587
LogInit: Engine Version: 4.23.0-8386587+++UE4+Release-4.23
LogInit: Compatible Engine Version: 4.23.0-8386587+++UE4+Release-4.23
LogInit: Net CL: 8386587
LogInit: OS: Windows 10 (Release 1809) (), CPU:         Intel(R) Core(TM) i7-3770 CPU @ 3.40GHz, GPU: NVIDIA GeForce GTX 560 Ti
LogInit: Compiled (64-bit): Aug 31 2019 02:04:44
LogInit: Compiled with Visual C++: 19.16.27030.01
LogInit: Build Configuration: Development
LogInit: Branch Name: ++UE4+Release-4.23
LogInit: Command Line:  -EpicPortal -epicusername=Wapps -epicuserid=4269f970f6d446dba58f60e7b77b6e5b -epiclocale=fr-FR
LogInit: Base Directory: D:/Moteur/UE_4.23/Engine/Binaries/Win64/
LogInit: Installed Engine Build: 1
LogDevObjectVersion: Number of dev versions registered: 23
LogDevObjectVersion:   Dev-Blueprints (B0D832E4-1F89-4F0D-ACCF-7EB736FD4AA2): 10
LogDevObjectVersion:   Dev-Build (E1C64328-A22C-4D53-A36C-8E866417BD8C): 0
LogDevObjectVersion:   Dev-Core (375EC13C-06E4-48FB-B500-84F0262A717E): 3
LogDevObjectVersion:   Dev-Editor (E4B068ED-F494-42E9-A231-DA0B2E46BB41): 34
LogDevObjectVersion:   Dev-Framework (CFFC743F-43B0-4480-9391-14DF171D2073): 35
LogDevObjectVersion:   Dev-Mobile (B02B49B5-BB20-44E9-A304-32B752E40360): 2
LogDevObjectVersion:   Dev-Networking (A4E4105C-59A1-49B5-A7C5-40C4547EDFEE): 0
LogDevObjectVersion:   Dev-Online (39C831C9-5AE6-47DC-9A44-9C173E1C8E7C): 0
LogDevObjectVersion:   Dev-Physics (78F01B33-EBEA-4F98-B9B4-84EACCB95AA2): 0
LogDevObjectVersion:   Dev-Platform (6631380F-2D4D-43E0-8009-CF276956A95A): 0
LogDevObjectVersion:   Dev-Rendering (12F88B9F-8875-4AFC-A67C-D90C383ABD29): 31
LogDevObjectVersion:   Dev-Sequencer (7B5AE74C-D270-4C10-A958-57980B212A5A): 11
LogDevObjectVersion:   Dev-VR (D7296918-1DD6-4BDD-9DE2-64A83CC13884): 2
LogDevObjectVersion:   Dev-LoadTimes (C2A15278-BFE7-4AFE-6C17-90FF531DF755): 1
LogDevObjectVersion:   Private-Geometry (6EACA3D4-40EC-4CC1-B786-8BED09428FC5): 3
LogDevObjectVersion:   Dev-AnimPhys (29E575DD-E0A3-4627-9D10-D276232CDCEA): 17
LogDevObjectVersion:   Dev-Anim (AF43A65D-7FD3-4947-9873-3E8ED9C1BB05): 2
LogDevObjectVersion:   Dev-ReflectionCapture (6B266CEC-1EC7-4B8F-A30B-E4D90942FC07): 1
LogDevObjectVersion:   Dev-Automation (0DF73D61-A23F-47EA-B727-89E90C41499A): 1
LogDevObjectVersion:   FortniteMain (601D1886-AC64-4F84-AA16-D3DE0DEAC7D6): 27
LogDevObjectVersion:   Dev-Enterprise (9DFFBCD6-494F-0158-E221-12823C92A888): 6
LogDevObjectVersion:   Dev-Niagara (F2AED0AC-9AFE-416F-8664-AA7FFA26D6FC): 1
LogDevObjectVersion:   Dev-Destruction (174F1F0B-B4C6-45A5-B13F-2EE8D0FB917D): 9
LogInit: Presizing for max 16777216 objects, including 0 objects not considered by GC, pre-allocating 0 bytes for permanent pool.
LogInit: Object subsystem initialized
LogConfig: Setting CVar [[con.DebugEarlyDefault:1]]
LogConfig: Setting CVar [[r.setres:1280x720]]
[2019.11.06-15.30.42:948][  0]LogConfig: Setting CVar [[r.VSync:0]]
[2019.11.06-15.30.42:948][  0]LogConfig: Setting CVar [[r.RHICmdBypass:0]]
[2019.11.06-15.30.42:948][  0]LogConfig: Applying CVar settings from Section [/Script/Engine.RendererSettings] File [D:/M2/MoteurDeJeux/Fortnite/Saved/Config/Windows/Engine.ini]
[2019.11.06-15.30.42:948][  0]LogConfig: Setting CVar [[r.GPUCrashDebugging:0]]
[2019.11.06-15.30.42:948][  0]LogConfig: Applying CVar settings from Section [/Script/Engine.RendererOverrideSettings] File [D:/M2/MoteurDeJeux/Fortnite/Saved/Config/Windows/Engine.ini]
[2019.11.06-15.30.42:948][  0]LogConfig: Applying CVar settings from Section [/Script/Engine.StreamingSettings] File [D:/M2/MoteurDeJeux/Fortnite/Saved/Config/Windows/Engine.ini]
[2019.11.06-15.30.42:948][  0]LogConfig: Setting CVar [[s.MinBulkDataSizeForAsyncLoading:131072]]
[2019.11.06-15.30.42:948][  0]LogConfig: Setting CVar [[s.AsyncLoadingThreadEnabled:0]]
[2019.11.06-15.30.42:948][  0]LogConfig: Setting CVar [[s.EventDrivenLoaderEnabled:1]]
[2019.11.06-15.30.42:948][  0]LogConfig: Setting CVar [[s.WarnIfTimeLimitExceeded:0]]
[2019.11.06-15.30.42:948][  0]LogConfig: Setting CVar [[s.TimeLimitExceededMultiplier:1.5]]
[2019.11.06-15.30.42:948][  0]LogConfig: Setting CVar [[s.TimeLimitExceededMinTime:0.005]]
[2019.11.06-15.30.42:948][  0]LogConfig: Setting CVar [[s.UseBackgroundLevelStreaming:1]]
[2019.11.06-15.30.42:948][  0]LogConfig: Setting CVar [[s.PriorityAsyncLoadingExtraTime:15.0]]
[2019.11.06-15.30.42:948][  0]LogConfig: Setting CVar [[s.LevelStreamingActorsUpdateTimeLimit:5.0]]
[2019.11.06-15.30.42:948][  0]LogConfig: Setting CVar [[s.PriorityLevelStreamingActorsUpdateExtraTime:5.0]]
[2019.11.06-15.30.42:948][  0]LogConfig: Setting CVar [[s.LevelStreamingComponentsRegistrationGranularity:10]]
[2019.11.06-15.30.42:948][  0]LogConfig: Setting CVar [[s.UnregisterComponentsTimeLimit:1.0]]
[2019.11.06-15.30.42:948][  0]LogConfig: Setting CVar [[s.LevelStreamingComponentsUnregistrationGranularity:5]]
[2019.11.06-15.30.42:948][  0]LogConfig: Applying CVar settings from Section [/Script/Engine.GarbageCollectionSettings] File [D:/M2/MoteurDeJeux/Fortnite/Saved/Config/Windows/Engine.ini]
[2019.11.06-15.30.42:948][  0]LogConfig: Setting CVar [[gc.MaxObjectsNotConsideredByGC:1]]
[2019.11.06-15.30.42:948][  0]LogConfig: Setting CVar [[gc.SizeOfPermanentObjectPool:0]]
[2019.11.06-15.30.42:948][  0]LogConfig: Setting CVar [[gc.FlushStreamingOnGC:0]]
[2019.11.06-15.30.42:948][  0]LogConfig: Setting CVar [[gc.NumRetriesBeforeForcingGC:10]]
[2019.11.06-15.30.42:948][  0]LogConfig: Setting CVar [[gc.AllowParallelGC:1]]
[2019.11.06-15.30.42:948][  0]LogConfig: Setting CVar [[gc.TimeBetweenPurgingPendingKillObjects:61.1]]
[2019.11.06-15.30.42:948][  0]LogConfig: Setting CVar [[gc.MaxObjectsInEditor:16777216]]
[2019.11.06-15.30.42:948][  0]LogConfig: Setting CVar [[gc.IncrementalBeginDestroyEnabled:1]]
[2019.11.06-15.30.42:948][  0]LogConfig: Setting CVar [[gc.CreateGCClusters:1]]
[2019.11.06-15.30.42:948][  0]LogConfig: Setting CVar [[gc.MinGCClusterSize:5]]
[2019.11.06-15.30.42:948][  0]LogConfig: Setting CVar [[gc.ActorClusteringEnabled:0]]
[2019.11.06-15.30.42:948][  0]LogConfig: Setting CVar [[gc.BlueprintClusteringEnabled:0]]
[2019.11.06-15.30.42:948][  0]LogConfig: Setting CVar [[gc.UseDisregardForGCOnDedicatedServers:0]]
[2019.11.06-15.30.42:948][  0]LogConfig: Applying CVar settings from Section [/Script/Engine.NetworkSettings] File [D:/M2/MoteurDeJeux/Fortnite/Saved/Config/Windows/Engine.ini]
[2019.11.06-15.30.42:948][  0]LogConfig: Applying CVar settings from Section [/Script/UnrealEd.CookerSettings] File [D:/M2/MoteurDeJeux/Fortnite/Saved/Config/Windows/Engine.ini]
[2019.11.06-15.30.42:952][  0]LogConfig: Applying CVar settings from Section [ViewDistanceQuality@3] File [D:/M2/MoteurDeJeux/Fortnite/Saved/Config/Windows/Scalability.ini]
[2019.11.06-15.30.42:952][  0]LogConfig: Setting CVar [[r.SkeletalMeshLODBias:0]]
[2019.11.06-15.30.42:952][  0]LogConfig: Setting CVar [[r.ViewDistanceScale:1.0]]
[2019.11.06-15.30.42:952][  0]LogConfig: Applying CVar settings from Section [AntiAliasingQuality@3] File [D:/M2/MoteurDeJeux/Fortnite/Saved/Config/Windows/Scalability.ini]
[2019.11.06-15.30.42:952][  0]LogConfig: Setting CVar [[r.PostProcessAAQuality:4]]
[2019.11.06-15.30.42:952][  0]LogConfig: Applying CVar settings from Section [ShadowQuality@3] File [D:/M2/MoteurDeJeux/Fortnite/Saved/Config/Windows/Scalability.ini]
[2019.11.06-15.30.42:952][  0]LogConfig: Setting CVar [[r.LightFunctionQuality:1]]
[2019.11.06-15.30.42:952][  0]LogConfig: Setting CVar [[r.ShadowQuality:5]]
[2019.11.06-15.30.42:952][  0]LogConfig: Setting CVar [[r.Shadow.CSM.MaxCascades:10]]
[2019.11.06-15.30.42:952][  0]LogConfig: Setting CVar [[r.Shadow.MaxResolution:2048]]
[2019.11.06-15.30.42:952][  0]LogConfig: Setting CVar [[r.Shadow.MaxCSMResolution:2048]]
[2019.11.06-15.30.42:952][  0]LogConfig: Setting CVar [[r.Shadow.RadiusThreshold:0.01]]
[2019.11.06-15.30.42:952][  0]LogConfig: Setting CVar [[r.Shadow.DistanceScale:1.0]]
[2019.11.06-15.30.42:952][  0]LogConfig: Setting CVar [[r.Shadow.CSM.TransitionScale:1.0]]
[2019.11.06-15.30.42:952][  0]LogConfig: Setting CVar [[r.Shadow.PreShadowResolutionFactor:1.0]]
[2019.11.06-15.30.42:952][  0]LogConfig: Setting CVar [[r.DistanceFieldShadowing:1]]
[2019.11.06-15.30.42:952][  0]LogConfig: Setting CVar [[r.DistanceFieldAO:1]]
[2019.11.06-15.30.42:953][  0]LogConfig: Setting CVar [[r.AOQuality:2]]
[2019.11.06-15.30.42:953][  0]LogConfig: Setting CVar [[r.VolumetricFog:1]]
[2019.11.06-15.30.42:953][  0]LogConfig: Setting CVar [[r.VolumetricFog.GridPixelSize:8]]
[2019.11.06-15.30.42:953][  0]LogConfig: Setting CVar [[r.VolumetricFog.GridSizeZ:128]]
[2019.11.06-15.30.42:953][  0]LogConfig: Setting CVar [[r.VolumetricFog.HistoryMissSupersampleCount:4]]
[2019.11.06-15.30.42:953][  0]LogConfig: Setting CVar [[r.LightMaxDrawDistanceScale:1]]
[2019.11.06-15.30.42:953][  0]LogConfig: Setting CVar [[r.CapsuleShadows:1]]
[2019.11.06-15.30.42:953][  0]LogConfig: Applying CVar settings from Section [PostProcessQuality@3] File [D:/M2/MoteurDeJeux/Fortnite/Saved/Config/Windows/Scalability.ini]
[2019.11.06-15.30.42:953][  0]LogConfig: Setting CVar [[r.MotionBlurQuality:4]]
[2019.11.06-15.30.42:953][  0]LogConfig: Setting CVar [[r.AmbientOcclusionMipLevelFactor:0.4]]
[2019.11.06-15.30.42:953][  0]LogConfig: Setting CVar [[r.AmbientOcclusionMaxQuality:100]]
[2019.11.06-15.30.42:953][  0]LogConfig: Setting CVar [[r.AmbientOcclusionLevels:-1]]
[2019.11.06-15.30.42:953][  0]LogConfig: Setting CVar [[r.AmbientOcclusionRadiusScale:1.0]]
[2019.11.06-15.30.42:953][  0]LogConfig: Setting CVar [[r.DepthOfFieldQuality:2]]
[2019.11.06-15.30.42:953][  0]LogConfig: Setting CVar [[r.RenderTargetPoolMin:400]]
[2019.11.06-15.30.42:953][  0]LogConfig: Setting CVar [[r.LensFlareQuality:2]]
[2019.11.06-15.30.42:953][  0]LogConfig: Setting CVar [[r.SceneColorFringeQuality:1]]
[2019.11.06-15.30.42:953][  0]LogConfig: Setting CVar [[r.EyeAdaptationQuality:2]]
[2019.11.06-15.30.42:953][  0]LogConfig: Setting CVar [[r.BloomQuality:5]]
[2019.11.06-15.30.42:953][  0]LogConfig: Setting CVar [[r.FastBlurThreshold:100]]
[2019.11.06-15.30.42:953][  0]LogConfig: Setting CVar [[r.Upscale.Quality:3]]
[2019.11.06-15.30.42:953][  0]LogConfig: Setting CVar [[r.Tonemapper.GrainQuantization:1]]
[2019.11.06-15.30.42:953][  0]LogConfig: Setting CVar [[r.LightShaftQuality:1]]
[2019.11.06-15.30.42:953][  0]LogConfig: Setting CVar [[r.Filter.SizeScale:1]]
[2019.11.06-15.30.42:953][  0]LogConfig: Setting CVar [[r.Tonemapper.Quality:5]]
[2019.11.06-15.30.42:953][  0]LogConfig: Setting CVar [[r.DOF.Gather.AccumulatorQuality:1        ; higher gathering accumulator quality]]
[2019.11.06-15.30.42:953][  0]LogConfig: Setting CVar [[r.DOF.Gather.PostfilterMethod:1          ; Median3x3 postfilering method]]
[2019.11.06-15.30.42:953][  0]LogConfig: Setting CVar [[r.DOF.Gather.EnableBokehSettings:0       ; no bokeh simulation when gathering]]
[2019.11.06-15.30.42:953][  0]LogConfig: Setting CVar [[r.DOF.Gather.RingCount:4                 ; medium number of samples when gathering]]
[2019.11.06-15.30.42:953][  0]LogConfig: Setting CVar [[r.DOF.Scatter.ForegroundCompositing:1    ; additive foreground scattering]]
[2019.11.06-15.30.42:953][  0]LogConfig: Setting CVar [[r.DOF.Scatter.BackgroundCompositing:2    ; additive background scattering]]
[2019.11.06-15.30.42:953][  0]LogConfig: Setting CVar [[r.DOF.Scatter.EnableBokehSettings:1      ; bokeh simulation when scattering]]
[2019.11.06-15.30.42:953][  0]LogConfig: Setting CVar [[r.DOF.Scatter.MaxSpriteRatio:0.1         ; only a maximum of 10% of scattered bokeh]]
[2019.11.06-15.30.42:953][  0]LogConfig: Setting CVar [[r.DOF.Recombine.Quality:1                ; cheap slight out of focus]]
[2019.11.06-15.30.42:953][  0]LogConfig: Setting CVar [[r.DOF.Recombine.EnableBokehSettings:0    ; no bokeh simulation on slight out of focus]]
[2019.11.06-15.30.42:953][  0]LogConfig: Setting CVar [[r.DOF.TemporalAAQuality:1                ; more stable temporal accumulation]]
[2019.11.06-15.30.42:953][  0]LogConfig: Setting CVar [[r.DOF.Kernel.MaxForegroundRadius:0.025]]
[2019.11.06-15.30.42:953][  0]LogConfig: Setting CVar [[r.DOF.Kernel.MaxBackgroundRadius:0.025]]
[2019.11.06-15.30.42:953][  0]LogConfig: Applying CVar settings from Section [TextureQuality@3] File [D:/M2/MoteurDeJeux/Fortnite/Saved/Config/Windows/Scalability.ini]
[2019.11.06-15.30.42:953][  0]LogConfig: Setting CVar [[r.Streaming.MipBias:0]]
[2019.11.06-15.30.42:953][  0]LogConfig: Setting CVar [[r.Streaming.AmortizeCPUToGPUCopy:0]]
[2019.11.06-15.30.42:953][  0]LogConfig: Setting CVar [[r.Streaming.MaxNumTexturesToStreamPerFrame:0]]
[2019.11.06-15.30.42:953][  0]LogConfig: Setting CVar [[r.Streaming.Boost:1]]
[2019.11.06-15.30.42:953][  0]LogConfig: Setting CVar [[r.MaxAnisotropy:8]]
[2019.11.06-15.30.42:953][  0]LogConfig: Setting CVar [[r.Streaming.LimitPoolSizeToVRAM:0]]
[2019.11.06-15.30.42:953][  0]LogConfig: Setting CVar [[r.Streaming.PoolSize:1000]]
[2019.11.06-15.30.42:953][  0]LogConfig: Setting CVar [[r.Streaming.MaxEffectiveScreenSize:0]]
[2019.11.06-15.30.42:953][  0]LogConfig: Applying CVar settings from Section [EffectsQuality@3] File [D:/M2/MoteurDeJeux/Fortnite/Saved/Config/Windows/Scalability.ini]
[2019.11.06-15.30.42:953][  0]LogConfig: Setting CVar [[r.TranslucencyLightingVolumeDim:64]]
[2019.11.06-15.30.42:953][  0]LogConfig: Setting CVar [[r.RefractionQuality:2]]
[2019.11.06-15.30.42:953][  0]LogConfig: Setting CVar [[r.SSR.Quality:3]]
[2019.11.06-15.30.42:953][  0]LogConfig: Setting CVar [[r.SceneColorFormat:4]]
[2019.11.06-15.30.42:953][  0]LogConfig: Setting CVar [[r.DetailMode:2]]
[2019.11.06-15.30.42:953][  0]LogConfig: Setting CVar [[r.TranslucencyVolumeBlur:1]]
[2019.11.06-15.30.42:953][  0]LogConfig: Setting CVar [[r.MaterialQualityLevel:1 ; High quality]]
[2019.11.06-15.30.42:953][  0]LogConfig: Setting CVar [[r.SSS.Scale:1]]
[2019.11.06-15.30.42:953][  0]LogConfig: Setting CVar [[r.SSS.SampleSet:2]]
[2019.11.06-15.30.42:953][  0]LogConfig: Setting CVar [[r.SSS.Quality:1]]
[2019.11.06-15.30.42:953][  0]LogConfig: Setting CVar [[r.SSS.HalfRes:1]]
[2019.11.06-15.30.42:953][  0]LogConfig: Setting CVar [[r.EmitterSpawnRateScale:1.0]]
[2019.11.06-15.30.42:953][  0]LogConfig: Setting CVar [[r.ParticleLightQuality:2]]
[2019.11.06-15.30.42:953][  0]LogConfig: Applying CVar settings from Section [FoliageQuality@3] File [D:/M2/MoteurDeJeux/Fortnite/Saved/Config/Windows/Scalability.ini]
[2019.11.06-15.30.42:953][  0]LogConfig: Setting CVar [[foliage.DensityScale:1.0]]
[2019.11.06-15.30.42:953][  0]LogConfig: Setting CVar [[grass.DensityScale:1.0]]
[2019.11.06-15.30.42:953][  0]LogInit: Selected Device Profile: [Windows]
[2019.11.06-15.30.42:953][  0]LogInit: Applying CVar settings loaded from the selected device profile: [Windows]
[2019.11.06-15.30.42:956][  0]LogHAL: Display: Platform has ~ 16 GB [17139929088 / 17179869184 / 16], which maps to Larger [LargestMinGB=32, LargerMinGB=12, DefaultMinGB=8, SmallerMinGB=6, SmallestMinGB=0)
[2019.11.06-15.30.42:956][  0]LogInit: Going up to parent DeviceProfile []
[2019.11.06-15.30.42:956][  0]LogConfig: Applying CVar settings from Section [ViewDistanceQuality@3] File [D:/M2/MoteurDeJeux/Fortnite/Saved/Config/Windows/Scalability.ini]
[2019.11.06-15.30.42:956][  0]LogConfig: Setting CVar [[r.SkeletalMeshLODBias:0]]
[2019.11.06-15.30.42:956][  0]LogConfig: Setting CVar [[r.ViewDistanceScale:1.0]]
[2019.11.06-15.30.42:956][  0]LogConfig: Applying CVar settings from Section [AntiAliasingQuality@3] File [D:/M2/MoteurDeJeux/Fortnite/Saved/Config/Windows/Scalability.ini]
[2019.11.06-15.30.42:956][  0]LogConfig: Setting CVar [[r.PostProcessAAQuality:4]]
[2019.11.06-15.30.42:956][  0]LogConfig: Applying CVar settings from Section [ShadowQuality@3] File [D:/M2/MoteurDeJeux/Fortnite/Saved/Config/Windows/Scalability.ini]
[2019.11.06-15.30.42:956][  0]LogConfig: Setting CVar [[r.LightFunctionQuality:1]]
[2019.11.06-15.30.42:956][  0]LogConfig: Setting CVar [[r.ShadowQuality:5]]
[2019.11.06-15.30.42:956][  0]LogConfig: Setting CVar [[r.Shadow.CSM.MaxCascades:10]]
[2019.11.06-15.30.42:956][  0]LogConfig: Setting CVar [[r.Shadow.MaxResolution:2048]]
[2019.11.06-15.30.42:956][  0]LogConfig: Setting CVar [[r.Shadow.MaxCSMResolution:2048]]
[2019.11.06-15.30.42:956][  0]LogConfig: Setting CVar [[r.Shadow.RadiusThreshold:0.01]]
[2019.11.06-15.30.42:956][  0]LogConfig: Setting CVar [[r.Shadow.DistanceScale:1.0]]
[2019.11.06-15.30.42:956][  0]LogConfig: Setting CVar [[r.Shadow.CSM.TransitionScale:1.0]]
[2019.11.06-15.30.42:956][  0]LogConfig: Setting CVar [[r.Shadow.PreShadowResolutionFactor:1.0]]
[2019.11.06-15.30.42:956][  0]LogConfig: Setting CVar [[r.DistanceFieldShadowing:1]]
[2019.11.06-15.30.42:956][  0]LogConfig: Setting CVar [[r.DistanceFieldAO:1]]
[2019.11.06-15.30.42:956][  0]LogConfig: Setting CVar [[r.AOQuality:2]]
[2019.11.06-15.30.42:956][  0]LogConfig: Setting CVar [[r.VolumetricFog:1]]
[2019.11.06-15.30.42:956][  0]LogConfig: Setting CVar [[r.VolumetricFog.GridPixelSize:8]]
[2019.11.06-15.30.42:956][  0]LogConfig: Setting CVar [[r.VolumetricFog.GridSizeZ:128]]
[2019.11.06-15.30.42:956][  0]LogConfig: Setting CVar [[r.VolumetricFog.HistoryMissSupersampleCount:4]]
[2019.11.06-15.30.42:957][  0]LogConfig: Setting CVar [[r.LightMaxDrawDistanceScale:1]]
[2019.11.06-15.30.42:957][  0]LogConfig: Setting CVar [[r.CapsuleShadows:1]]
[2019.11.06-15.30.42:957][  0]LogConfig: Applying CVar settings from Section [PostProcessQuality@3] File [D:/M2/MoteurDeJeux/Fortnite/Saved/Config/Windows/Scalability.ini]
[2019.11.06-15.30.42:957][  0]LogConfig: Setting CVar [[r.MotionBlurQuality:4]]
[2019.11.06-15.30.42:957][  0]LogConfig: Setting CVar [[r.AmbientOcclusionMipLevelFactor:0.4]]
[2019.11.06-15.30.42:957][  0]LogConfig: Setting CVar [[r.AmbientOcclusionMaxQuality:100]]
[2019.11.06-15.30.42:957][  0]LogConfig: Setting CVar [[r.AmbientOcclusionLevels:-1]]
[2019.11.06-15.30.42:957][  0]LogConfig: Setting CVar [[r.AmbientOcclusionRadiusScale:1.0]]
[2019.11.06-15.30.42:957][  0]LogConfig: Setting CVar [[r.DepthOfFieldQuality:2]]
[2019.11.06-15.30.42:957][  0]LogConfig: Setting CVar [[r.RenderTargetPoolMin:400]]
[2019.11.06-15.30.42:957][  0]LogConfig: Setting CVar [[r.LensFlareQuality:2]]
[2019.11.06-15.30.42:957][  0]LogConfig: Setting CVar [[r.SceneColorFringeQuality:1]]
[2019.11.06-15.30.42:957][  0]LogConfig: Setting CVar [[r.EyeAdaptationQuality:2]]
[2019.11.06-15.30.42:957][  0]LogConfig: Setting CVar [[r.BloomQuality:5]]
[2019.11.06-15.30.42:957][  0]LogConfig: Setting CVar [[r.FastBlurThreshold:100]]
[2019.11.06-15.30.42:957][  0]LogConfig: Setting CVar [[r.Upscale.Quality:3]]
[2019.11.06-15.30.42:957][  0]LogConfig: Setting CVar [[r.Tonemapper.GrainQuantization:1]]
[2019.11.06-15.30.42:957][  0]LogConfig: Setting CVar [[r.LightShaftQuality:1]]
[2019.11.06-15.30.42:957][  0]LogConfig: Setting CVar [[r.Filter.SizeScale:1]]
[2019.11.06-15.30.42:957][  0]LogConfig: Setting CVar [[r.Tonemapper.Quality:5]]
[2019.11.06-15.30.42:957][  0]LogConfig: Setting CVar [[r.DOF.Gather.AccumulatorQuality:1        ; higher gathering accumulator quality]]
[2019.11.06-15.30.42:957][  0]LogConfig: Setting CVar [[r.DOF.Gather.PostfilterMethod:1          ; Median3x3 postfilering method]]
[2019.11.06-15.30.42:957][  0]LogConfig: Setting CVar [[r.DOF.Gather.EnableBokehSettings:0       ; no bokeh simulation when gathering]]
[2019.11.06-15.30.42:957][  0]LogConfig: Setting CVar [[r.DOF.Gather.RingCount:4                 ; medium number of samples when gathering]]
[2019.11.06-15.30.42:957][  0]LogConfig: Setting CVar [[r.DOF.Scatter.ForegroundCompositing:1    ; additive foreground scattering]]
[2019.11.06-15.30.42:957][  0]LogConfig: Setting CVar [[r.DOF.Scatter.BackgroundCompositing:2    ; additive background scattering]]
[2019.11.06-15.30.42:957][  0]LogConfig: Setting CVar [[r.DOF.Scatter.EnableBokehSettings:1      ; bokeh simulation when scattering]]
[2019.11.06-15.30.42:957][  0]LogConfig: Setting CVar [[r.DOF.Scatter.MaxSpriteRatio:0.1         ; only a maximum of 10% of scattered bokeh]]
[2019.11.06-15.30.42:957][  0]LogConfig: Setting CVar [[r.DOF.Recombine.Quality:1                ; cheap slight out of focus]]
[2019.11.06-15.30.42:957][  0]LogConfig: Setting CVar [[r.DOF.Recombine.EnableBokehSettings:0    ; no bokeh simulation on slight out of focus]]
[2019.11.06-15.30.42:957][  0]LogConfig: Setting CVar [[r.DOF.TemporalAAQuality:1                ; more stable temporal accumulation]]
[2019.11.06-15.30.42:957][  0]LogConfig: Setting CVar [[r.DOF.Kernel.MaxForegroundRadius:0.025]]
[2019.11.06-15.30.42:957][  0]LogConfig: Setting CVar [[r.DOF.Kernel.MaxBackgroundRadius:0.025]]
[2019.11.06-15.30.42:957][  0]LogConfig: Applying CVar settings from Section [TextureQuality@3] File [D:/M2/MoteurDeJeux/Fortnite/Saved/Config/Windows/Scalability.ini]
[2019.11.06-15.30.42:957][  0]LogConfig: Setting CVar [[r.Streaming.MipBias:0]]
[2019.11.06-15.30.42:957][  0]LogConfig: Setting CVar [[r.Streaming.AmortizeCPUToGPUCopy:0]]
[2019.11.06-15.30.42:957][  0]LogConfig: Setting CVar [[r.Streaming.MaxNumTexturesToStreamPerFrame:0]]
[2019.11.06-15.30.42:957][  0]LogConfig: Setting CVar [[r.Streaming.Boost:1]]
[2019.11.06-15.30.42:957][  0]LogConfig: Setting CVar [[r.MaxAnisotropy:8]]
[2019.11.06-15.30.42:957][  0]LogConfig: Setting CVar [[r.Streaming.LimitPoolSizeToVRAM:0]]
[2019.11.06-15.30.42:957][  0]LogConfig: Setting CVar [[r.Streaming.PoolSize:1000]]
[2019.11.06-15.30.42:957][  0]LogConfig: Setting CVar [[r.Streaming.MaxEffectiveScreenSize:0]]
[2019.11.06-15.30.42:957][  0]LogConfig: Applying CVar settings from Section [EffectsQuality@3] File [D:/M2/MoteurDeJeux/Fortnite/Saved/Config/Windows/Scalability.ini]
[2019.11.06-15.30.42:957][  0]LogConfig: Setting CVar [[r.TranslucencyLightingVolumeDim:64]]
[2019.11.06-15.30.42:957][  0]LogConfig: Setting CVar [[r.RefractionQuality:2]]
[2019.11.06-15.30.42:957][  0]LogConfig: Setting CVar [[r.SSR.Quality:3]]
[2019.11.06-15.30.42:957][  0]LogConfig: Setting CVar [[r.SceneColorFormat:4]]
[2019.11.06-15.30.42:957][  0]LogConfig: Setting CVar [[r.DetailMode:2]]
[2019.11.06-15.30.42:957][  0]LogConfig: Setting CVar [[r.TranslucencyVolumeBlur:1]]
[2019.11.06-15.30.42:957][  0]LogConfig: Setting CVar [[r.MaterialQualityLevel:1 ; High quality]]
[2019.11.06-15.30.42:957][  0]LogConfig: Setting CVar [[r.SSS.Scale:1]]
[2019.11.06-15.30.42:957][  0]LogConfig: Setting CVar [[r.SSS.SampleSet:2]]
[2019.11.06-15.30.42:957][  0]LogConfig: Setting CVar [[r.SSS.Quality:1]]
[2019.11.06-15.30.42:957][  0]LogConfig: Setting CVar [[r.SSS.HalfRes:1]]
[2019.11.06-15.30.42:957][  0]LogConfig: Setting CVar [[r.EmitterSpawnRateScale:1.0]]
[2019.11.06-15.30.42:957][  0]LogConfig: Setting CVar [[r.ParticleLightQuality:2]]
[2019.11.06-15.30.42:957][  0]LogConfig: Applying CVar settings from Section [FoliageQuality@3] File [D:/M2/MoteurDeJeux/Fortnite/Saved/Config/Windows/Scalability.ini]
[2019.11.06-15.30.42:957][  0]LogConfig: Setting CVar [[foliage.DensityScale:1.0]]
[2019.11.06-15.30.42:957][  0]LogConfig: Setting CVar [[grass.DensityScale:1.0]]
[2019.11.06-15.30.42:957][  0]LogConfig: Applying CVar settings from Section [Startup] File [../../../Engine/Config/ConsoleVariables.ini]
[2019.11.06-15.30.42:958][  0]LogConfig: Setting CVar [[net.UseAdaptiveNetUpdateFrequency:0]]
[2019.11.06-15.30.42:958][  0]LogConfig: Setting CVar [[p.chaos.AllowCreatePhysxBodies:1]]
[2019.11.06-15.30.42:958][  0]LogConfig: Applying CVar settings from Section [ConsoleVariables] File [D:/M2/MoteurDeJeux/Fortnite/Saved/Config/Windows/Engine.ini]
[2019.11.06-15.30.42:958][  0]LogInit: Computer: PBIMOC41217
[2019.11.06-15.30.42:958][  0]LogInit: User: tduvignau
[2019.11.06-15.30.42:958][  0]LogInit: CPU Page size=4096, Cores=4
[2019.11.06-15.30.42:958][  0]LogInit: High frequency timer resolution =10.000000 MHz
[2019.11.06-15.30.42:958][  0]LogMemory: Memory total: Physical=16.0GB (16GB approx)
[2019.11.06-15.30.42:958][  0]LogMemory: Platform Memory Stats for Windows
[2019.11.06-15.30.42:958][  0]LogMemory: Process Physical Memory: 100.99 MB used, 100.99 MB peak
[2019.11.06-15.30.42:958][  0]LogMemory: Process Virtual Memory: 104.50 MB used, 104.50 MB peak
[2019.11.06-15.30.42:958][  0]LogMemory: Physical Memory: 5401.03 MB used,  10944.88 MB free, 16345.91 MB total
[2019.11.06-15.30.42:958][  0]LogMemory: Virtual Memory: 4686.78 MB used,  134213040.00 MB free, 134217728.00 MB total
[2019.11.06-15.30.42:961][  0]LogWindows: WindowsPlatformFeatures enabled
[2019.11.06-15.30.42:976][  0]LogInit: Using OS detected language (fr-FR).
[2019.11.06-15.30.42:976][  0]LogInit: Using OS detected locale (fr-FR).
[2019.11.06-15.30.42:977][  0]LogTextLocalizationManager: No specific localization for 'fr-FR' exists, so the 'fr' localization will be used.
[2019.11.06-15.30.42:977][  0]LogTextLocalizationResource: LocRes '../../../Engine/Content/Localization/Editor/fr/Editor.locres' could not be opened for reading!
[2019.11.06-15.30.42:978][  0]LogTextLocalizationResource: LocRes '../../../Engine/Content/Localization/EditorTutorials/fr/EditorTutorials.locres' could not be opened for reading!
[2019.11.06-15.30.42:978][  0]LogTextLocalizationResource: LocRes '../../../Engine/Content/Localization/Keywords/fr/Keywords.locres' could not be opened for reading!
[2019.11.06-15.30.42:978][  0]LogTextLocalizationResource: LocRes '../../../Engine/Content/Localization/Category/fr/Category.locres' could not be opened for reading!
[2019.11.06-15.30.42:978][  0]LogTextLocalizationResource: LocRes '../../../Engine/Content/Localization/ToolTips/fr/ToolTips.locres' could not be opened for reading!
[2019.11.06-15.30.42:978][  0]LogTextLocalizationResource: LocRes '../../../Engine/Content/Localization/PropertyNames/fr/PropertyNames.locres' could not be opened for reading!
[2019.11.06-15.30.42:978][  0]LogTextLocalizationResource: LocRes '../../../Engine/Content/Localization/Engine/fr/Engine.locres' could not be opened for reading!
[2019.11.06-15.30.42:979][  0]LogInit: Setting process to per monitor DPI aware
[2019.11.06-15.30.43:016][  0]LogSlate: New Slate User Created.  User Index 0, Is Virtual User: 0
[2019.11.06-15.30.43:016][  0]LogSlate: Slate User Registered.  User Index 0, Is Virtual User: 0
[2019.11.06-15.30.43:202][  0]LogHMD: Failed to initialize OpenVR with code 110
[2019.11.06-15.30.43:202][  0]LogD3D11RHI: D3D11 adapters:
[2019.11.06-15.30.43:229][  0]LogD3D11RHI:    0. 'NVIDIA GeForce GTX 560 Ti' (Feature Level 11_0)
[2019.11.06-15.30.43:229][  0]LogD3D11RHI:       978/0/8172 MB DedicatedVideo/DedicatedSystem/SharedSystem, Outputs:2, VendorId:0x10de
[2019.11.06-15.30.43:231][  0]LogD3D11RHI:    1. 'Microsoft Basic Render Driver' (Feature Level 11_0)
[2019.11.06-15.30.43:231][  0]LogD3D11RHI:       0/0/8172 MB DedicatedVideo/DedicatedSystem/SharedSystem, Outputs:0, VendorId:0x1414
[2019.11.06-15.30.43:231][  0]LogD3D11RHI: Chosen D3D11 Adapter: 0
[2019.11.06-15.30.43:236][  0]LogD3D11RHI: Creating new Direct3DDevice
[2019.11.06-15.30.43:236][  0]LogD3D11RHI:     GPU DeviceId: 0x1200 (for the marketing name, search the web for "GPU Device Id")
[2019.11.06-15.30.43:236][  0]LogWindows: EnumDisplayDevices:
[2019.11.06-15.30.43:236][  0]LogWindows:    0. 'NVIDIA GeForce GTX 560 Ti' (P:0 D:1)
[2019.11.06-15.30.43:236][  0]LogWindows:    1. 'NVIDIA GeForce GTX 560 Ti' (P:1 D:1)
[2019.11.06-15.30.43:236][  0]LogWindows: DebugString: FoundDriverCount:2 
[2019.11.06-15.30.43:236][  0]LogD3D11RHI:     Adapter Name: NVIDIA GeForce GTX 560 Ti
[2019.11.06-15.30.43:236][  0]LogD3D11RHI:   Driver Version: 376.54 (internal:21.21.13.7654, unified:376.54)
[2019.11.06-15.30.43:236][  0]LogD3D11RHI:      Driver Date: 12-29-2016
[2019.11.06-15.30.43:236][  0]LogRHI: Texture pool is 684 MB (70% of 978 MB)
[2019.11.06-15.30.43:256][  0]LogD3D11RHI: Display: Timestamp queries are currently disabled on this hardware due to instability. Realtime GPU stats will not be available. You can override this behaviour by setting r.NVIDIATimestampWorkaround to 0
[2019.11.06-15.30.43:256][  0]LogD3D11RHI: Async texture creation enabled
[2019.11.06-15.30.43:268][  0]LogD3D11RHI: GPU Timing Frequency: 1000.000000 (Debug: 2 1)
[2019.11.06-15.30.43:680][  0]LogTemp: Display: Module 'AllDesktopTargetPlatform' loaded TargetPlatform 'AllDesktop'
[2019.11.06-15.30.43:688][  0]LogTemp: Display: Module 'MacClientTargetPlatform' loaded TargetPlatform 'MacClient'
[2019.11.06-15.30.43:696][  0]LogTemp: Display: Module 'MacNoEditorTargetPlatform' loaded TargetPlatform 'MacNoEditor'
[2019.11.06-15.30.43:704][  0]LogTemp: Display: Module 'MacServerTargetPlatform' loaded TargetPlatform 'MacServer'
[2019.11.06-15.30.43:712][  0]LogTemp: Display: Module 'MacTargetPlatform' loaded TargetPlatform 'Mac'
[2019.11.06-15.30.43:721][  0]LogTemp: Display: Module 'WindowsClientTargetPlatform' loaded TargetPlatform 'WindowsClient'
[2019.11.06-15.30.43:729][  0]LogTemp: Display: Module 'WindowsNoEditorTargetPlatform' loaded TargetPlatform 'WindowsNoEditor'
[2019.11.06-15.30.43:738][  0]LogTemp: Display: Module 'WindowsServerTargetPlatform' loaded TargetPlatform 'WindowsServer'
[2019.11.06-15.30.43:741][  0]LogTemp: Display: Module 'WindowsTargetPlatform' loaded TargetPlatform 'Windows'
[2019.11.06-15.30.43:773][  0]LogTemp: Display: Module 'AndroidTargetPlatform' loaded TargetPlatform 'Android'
[2019.11.06-15.30.43:773][  0]LogTemp: Display: Module 'AndroidTargetPlatform' loaded TargetPlatform 'Android_ASTC'
[2019.11.06-15.30.43:773][  0]LogTemp: Display: Module 'AndroidTargetPlatform' loaded TargetPlatform 'Android_ATC'
[2019.11.06-15.30.43:773][  0]LogTemp: Display: Module 'AndroidTargetPlatform' loaded TargetPlatform 'Android_DXT'
[2019.11.06-15.30.43:773][  0]LogTemp: Display: Module 'AndroidTargetPlatform' loaded TargetPlatform 'Android_ETC1'
[2019.11.06-15.30.43:773][  0]LogTemp: Display: Module 'AndroidTargetPlatform' loaded TargetPlatform 'Android_ETC1a'
[2019.11.06-15.30.43:773][  0]LogTemp: Display: Module 'AndroidTargetPlatform' loaded TargetPlatform 'Android_ETC2'
[2019.11.06-15.30.43:773][  0]LogTemp: Display: Module 'AndroidTargetPlatform' loaded TargetPlatform 'Android_PVRTC'
[2019.11.06-15.30.43:773][  0]LogTemp: Display: Module 'AndroidTargetPlatform' loaded TargetPlatform 'AndroidClient'
[2019.11.06-15.30.43:773][  0]LogTemp: Display: Module 'AndroidTargetPlatform' loaded TargetPlatform 'Android_ASTCClient'
[2019.11.06-15.30.43:773][  0]LogTemp: Display: Module 'AndroidTargetPlatform' loaded TargetPlatform 'Android_ATCClient'
[2019.11.06-15.30.43:773][  0]LogTemp: Display: Module 'AndroidTargetPlatform' loaded TargetPlatform 'Android_DXTClient'
[2019.11.06-15.30.43:773][  0]LogTemp: Display: Module 'AndroidTargetPlatform' loaded TargetPlatform 'Android_ETC1Client'
[2019.11.06-15.30.43:773][  0]LogTemp: Display: Module 'AndroidTargetPlatform' loaded TargetPlatform 'Android_ETC1aClient'
[2019.11.06-15.30.43:773][  0]LogTemp: Display: Module 'AndroidTargetPlatform' loaded TargetPlatform 'Android_ETC2Client'
[2019.11.06-15.30.43:773][  0]LogTemp: Display: Module 'AndroidTargetPlatform' loaded TargetPlatform 'Android_PVRTCClient'
[2019.11.06-15.30.43:773][  0]LogTemp: Display: Module 'AndroidTargetPlatform' loaded TargetPlatform 'Android_Multi'
[2019.11.06-15.30.43:773][  0]LogTemp: Display: Module 'AndroidTargetPlatform' loaded TargetPlatform 'Android_MultiClient'
[2019.11.06-15.30.43:775][  0]LogTemp: Display: Module 'HTML5TargetPlatform' loaded TargetPlatform 'HTML5'
[2019.11.06-15.30.43:791][  0]LogTemp: Display: Module 'IOSTargetPlatform' loaded TargetPlatform 'IOSClient'
[2019.11.06-15.30.43:791][  0]LogTemp: Display: Module 'IOSTargetPlatform' loaded TargetPlatform 'IOS'
[2019.11.06-15.30.43:804][  0]LogTemp: Display: Module 'TVOSTargetPlatform' loaded TargetPlatform 'TVOSClient'
[2019.11.06-15.30.43:804][  0]LogTemp: Display: Module 'TVOSTargetPlatform' loaded TargetPlatform 'TVOS'
[2019.11.06-15.30.43:812][  0]LogTemp: Display: Module 'LinuxClientTargetPlatform' loaded TargetPlatform 'LinuxClient'
[2019.11.06-15.30.43:819][  0]LogTemp: Display: Module 'LinuxNoEditorTargetPlatform' loaded TargetPlatform 'LinuxNoEditor'
[2019.11.06-15.30.43:826][  0]LogTemp: Display: Module 'LinuxServerTargetPlatform' loaded TargetPlatform 'LinuxServer'
[2019.11.06-15.30.43:834][  0]LogTemp: Display: Module 'LinuxTargetPlatform' loaded TargetPlatform 'Linux'
[2019.11.06-15.30.43:860][  0]LogTemp: Display: Module 'LuminTargetPlatform' loaded TargetPlatform 'Lumin'
[2019.11.06-15.30.43:860][  0]LogTemp: Display: Module 'LuminTargetPlatform' loaded TargetPlatform 'LuminClient'
[2019.11.06-15.30.43:860][  0]LogTargetPlatformManager: Display: Building Assets For Windows
[2019.11.06-15.30.43:868][  0]LogAudioDebug: Display: Lib vorbis DLL was dynamically loaded.
[2019.11.06-15.30.43:911][  0]LogShaderCompilers: Guid format shader working directory is 11 characters bigger than the processId version (../../../../../M2/MoteurDeJeux/Fortnite/Intermediate/Shaders/WorkingDirectory/7356/).
[2019.11.06-15.30.43:911][  0]LogShaderCompilers: Cleaned the shader compiler working directory 'C:/Users/tduvignau/AppData/Local/Temp/UnrealShaderWorkingDir/891E65B74287F969658309A8B50CD24C/'.
[2019.11.06-15.30.43:913][  0]LogXGEController: Cannot use XGE Controller as Incredibuild is not installed on this machine.
[2019.11.06-15.30.43:913][  0]LogShaderCompilers: Cannot use XGE Shader Compiler as Incredibuild is not installed on this machine.
[2019.11.06-15.30.43:913][  0]LogShaderCompilers: Display: Using Local Shader Compiler.
[2019.11.06-15.30.44:571][  0]LogDerivedDataCache: Display: Max Cache Size: 512 MB
[2019.11.06-15.30.44:624][  0]LogDerivedDataCache: Loaded boot cache 0.05s 73MB C:/Users/tduvignau/AppData/Local/UnrealEngine/4.23/DerivedDataCache/Boot.ddc.
[2019.11.06-15.30.44:624][  0]LogDerivedDataCache: Display: Loaded Boot cache: C:/Users/tduvignau/AppData/Local/UnrealEngine/4.23/DerivedDataCache/Boot.ddc
[2019.11.06-15.30.44:624][  0]LogDerivedDataCache: FDerivedDataBackendGraph:  Pak pak cache file ../../../../../M2/MoteurDeJeux/Fortnite/DerivedDataCache/DDC.ddp not found, will not use a pak cache.
[2019.11.06-15.30.44:624][  0]LogDerivedDataCache: Unable to find inner node Pak for hierarchical cache Hierarchy.
[2019.11.06-15.30.44:624][  0]LogDerivedDataCache: FDerivedDataBackendGraph:  CompressedPak pak cache file ../../../../../M2/MoteurDeJeux/Fortnite/DerivedDataCache/Compressed.ddp not found, will not use a pak cache.
[2019.11.06-15.30.44:624][  0]LogDerivedDataCache: Unable to find inner node CompressedPak for hierarchical cache Hierarchy.
[2019.11.06-15.30.44:635][  0]LogDerivedDataCache: Display: Pak cache opened for reading ../../../Engine/DerivedDataCache/Compressed.ddp.
[2019.11.06-15.30.44:636][  0]LogDerivedDataCache: FDerivedDataBackendGraph:  EnterprisePak pak cache file ../../../Enterprise/DerivedDataCache/Compressed.ddp not found, will not use a pak cache.
[2019.11.06-15.30.44:636][  0]LogDerivedDataCache: Unable to find inner node EnterprisePak for hierarchical cache Hierarchy.
[2019.11.06-15.30.44:637][  0]LogDerivedDataCache: Using Local data cache path C:/Users/tduvignau/AppData/Local/UnrealEngine/Common/DerivedDataCache: Writable
[2019.11.06-15.30.44:637][  0]LogDerivedDataCache: Shared data cache path not found in *engine.ini, will not use an Shared cache.
[2019.11.06-15.30.44:637][  0]LogDerivedDataCache: Unable to find inner node Shared for hierarchical cache Hierarchy.
[2019.11.06-15.30.44:663][  0]LogMaterial: Verifying Global Shaders for PCD3D_SM5
[2019.11.06-15.30.44:666][  0]LogSlate: Using FreeType 2.6.0
[2019.11.06-15.30.44:666][  0]LogSlate: SlateFontServices - WITH_FREETYPE: 1, WITH_HARFBUZZ: 1
[2019.11.06-15.30.44:722][  0]LogAssetRegistry: FAssetRegistry took 0.0024 seconds to start up
[2019.11.06-15.30.45:041][  0]LogInit: Selected Device Profile: [Windows]
[2019.11.06-15.30.45:200][  0]LogMeshReduction: Using QuadricMeshReduction for automatic static mesh reduction
[2019.11.06-15.30.45:200][  0]LogMeshReduction: Using SimplygonMeshReduction for automatic skeletal mesh reduction
[2019.11.06-15.30.45:200][  0]LogMeshReduction: Using ProxyLODMeshReduction for automatic mesh merging
[2019.11.06-15.30.45:200][  0]LogMeshReduction: No distributed automatic mesh merging module available
[2019.11.06-15.30.45:200][  0]LogMeshMerging: No distributed automatic mesh merging module available
[2019.11.06-15.30.45:210][  0]LogNetVersion: Fortnite 1.0.0, NetCL: 8386587, EngineNetVer: 11, GameNetVer: 0 (Checksum: 2191563815)
[2019.11.06-15.30.45:622][  0]LogPackageLocalizationCache: Processed 12 localized package path(s) for 1 prioritized culture(s) in 0.042570 seconds
[2019.11.06-15.30.45:630][  0]LogUObjectArray: 43444 objects as part of root set at end of initial load.
[2019.11.06-15.30.45:630][  0]LogUObjectAllocator: 7548648 out of 0 bytes used by permanent object pool.
[2019.11.06-15.30.45:630][  0]LogUObjectArray: CloseDisregardForGC: 0/0 objects in disregard for GC pool
[2019.11.06-15.30.46:457][  0]LogTcpMessaging: Initializing TcpMessaging bridge
[2019.11.06-15.30.46:461][  0]LogUdpMessaging: Initializing bridge on interface 0.0.0.0:0 to multicast group 230.0.0.1:6666.
[2019.11.06-15.30.46:515][  0]SourceControl: Source control is disabled
[2019.11.06-15.30.46:515][  0]SourceControl: Source control is disabled
[2019.11.06-15.30.46:516][  0]SourceControl: Source control is disabled
[2019.11.06-15.30.46:517][  0]SourceControl: Source control is disabled
[2019.11.06-15.30.46:601][  0]LogAndroidPermission: UAndroidPermissionCallbackProxy::GetInstance
[2019.11.06-15.30.46:720][  0]LogOcInput: OculusInput pre-init called
[2019.11.06-15.30.46:726][  0]LogWindows: Failed to load 'OVRPlugin.dll' (GetLastError=126)
[2019.11.06-15.30.46:726][  0]LogWindows: File 'OVRPlugin.dll' does not exist
[2019.11.06-15.30.46:795][  0]LogEngine: Initializing Engine...
[2019.11.06-15.30.46:795][  0]LogHMD: Failed to initialize OpenVR with code 110
[2019.11.06-15.30.46:796][  0]LogStats: UGameplayTagsManager::InitializeManager -  0.000 s
[2019.11.06-15.30.47:038][  0]LogInit: Initializing FReadOnlyCVARCache
[2019.11.06-15.30.47:049][  0]LogAIModule: Creating AISystem for world Untitled
[2019.11.06-15.30.47:069][  0]LogInit: XAudio2 using 'Haut-parleurs (5- Périphérique High Definition Audio)' : 2 channels at 48 kHz using 16 bits per sample (channel mask 0x3)
[2019.11.06-15.30.47:085][  0]LogInit: FAudioDevice initialized.
[2019.11.06-15.30.47:085][  0]LogNetVersion: Set ProjectVersion to 1.0.0.0. Version Checksum will be recalculated on next use.
[2019.11.06-15.30.47:317][  0]LogDerivedDataCache: Saved boot cache 0.23s 73MB C:/Users/tduvignau/AppData/Local/UnrealEngine/4.23/DerivedDataCache/Boot.ddc.
[2019.11.06-15.30.47:320][  0]LogInit: Texture streaming: Enabled
[2019.11.06-15.30.47:334][  0]LogEngineSessionManager: EngineSessionManager initialized
[2019.11.06-15.30.47:367][  0]LogInit: Transaction tracking system initialized
[2019.11.06-15.30.47:389][  0]BlueprintLog: New page: Editor Load
[2019.11.06-15.30.47:449][  0]LocalizationService: Localization service is disabled
[2019.11.06-15.30.47:672][  0]LogFileCache: Scanning file cache for directory 'D:/M2/MoteurDeJeux/Fortnite/Content/' took 0.00s
[2019.11.06-15.30.47:672][  0]LogCook: Display: Max memory allowance for cook 16384mb min free memory 0mb
[2019.11.06-15.30.47:672][  0]LogCook: Display: Mobile HDR setting 1
[2019.11.06-15.30.47:845][  0]SourceControl: Source control is disabled
[2019.11.06-15.30.47:845][  0]Cmd: MAP LOAD FILE="../../../../../M2/MoteurDeJeux/Fortnite/Content/ThirdPersonBP/Maps/ThirdPersonExampleMap.umap" TEMPLATE=0 SHOWPROGRESS=1 FEATURELEVEL=3
[2019.11.06-15.30.47:846][  0]LightingResults: New page: Lighting Build
[2019.11.06-15.30.47:848][  0]LogWorld: UWorld::CleanupWorld for Untitled, bSessionEnded=true, bCleanupResources=true
[2019.11.06-15.30.47:848][  0]MapCheck: New page: Map Check
[2019.11.06-15.30.47:848][  0]LightingResults: New page: Lighting Build
[2019.11.06-15.30.47:871][  0]LogUObjectHash: Compacting FUObjectHashTables data took   1.83ms
[2019.11.06-15.30.48:241][  0]LogAIModule: Creating AISystem for world ThirdPersonExampleMap
[2019.11.06-15.30.48:249][  0]LogEditorServer: Finished looking for orphan Actors (0.000 secs)
[2019.11.06-15.30.48:272][  0]LogUObjectHash: Compacting FUObjectHashTables data took   2.45ms
[2019.11.06-15.30.48:273][  0]Cmd: MAP CHECKDEP NOCLEARLOG
[2019.11.06-15.30.48:273][  0]MapCheck: Map check complete: 0 Error(s), 0 Warning(s), took 0,11ms to complete.
[2019.11.06-15.30.48:273][  0]LogFileHelpers: Loading map 'ThirdPersonExampleMap' took 0.427
[2019.11.06-15.30.48:363][  0]LogSlate: Updating window title bar state: overlay mode, drag disabled, window buttons hidden, title bar hidden
[2019.11.06-15.30.48:370][  0]LogSlate: Updating window title bar state: overlay mode, drag disabled, window buttons hidden, title bar hidden
[2019.11.06-15.30.48:378][  0]LogSlate: Updating window title bar state: overlay mode, drag disabled, window buttons hidden, title bar hidden
[2019.11.06-15.30.48:385][  0]LogSlate: Updating window title bar state: overlay mode, drag disabled, window buttons hidden, title bar hidden
[2019.11.06-15.30.48:389][  0]LogCollectionManager: Loaded 0 collections in 0.001085 seconds
[2019.11.06-15.30.48:394][  0]LogFileCache: Scanning file cache for directory 'D:/M2/MoteurDeJeux/Fortnite/Saved/Collections/' took 0.00s
[2019.11.06-15.30.48:394][  0]LogFileCache: Scanning file cache for directory 'D:/M2/MoteurDeJeux/Fortnite/Content/Developers/tduvignau/Collections/' took 0.00s
[2019.11.06-15.30.48:394][  0]LogFileCache: Scanning file cache for directory 'D:/M2/MoteurDeJeux/Fortnite/Content/Collections/' took 0.00s
[2019.11.06-15.30.48:394][  0]LogCollectionManager: Rebuilt the GUID cache for 0 collections in 0.000003 seconds
[2019.11.06-15.30.48:403][  0]LogContentBrowser: Native class hierarchy populated in 0.0090 seconds. Added 2863 classes and 680 folders.
[2019.11.06-15.30.48:410][  0]LogContentBrowser: Native class hierarchy updated for 'WidgetCarousel' in 0.0002 seconds. Added 0 classes and 0 folders.
[2019.11.06-15.30.48:455][  0]LogContentBrowser: Native class hierarchy updated for 'AddContentDialog' in 0.0002 seconds. Added 0 classes and 0 folders.
[2019.11.06-15.30.48:460][  0]LogContentBrowser: Native class hierarchy updated for 'SceneOutliner' in 0.0003 seconds. Added 1 classes and 2 folders.
[2019.11.06-15.30.48:536][  0]LogSlate: Took 0.000168 seconds to synchronously load lazily loaded font '../../../Engine/Content/Slate/Fonts/Roboto-Regular.ttf' (155K)
[2019.11.06-15.30.48:538][  0]LogSlate: Took 0.000152 seconds to synchronously load lazily loaded font '../../../Engine/Content/Slate/Fonts/Roboto-Bold.ttf' (160K)
[2019.11.06-15.30.48:544][  0]LogSlate: Took 0.000204 seconds to synchronously load lazily loaded font '../../../Engine/Content/Editor/Slate/Fonts/FontAwesome.ttf' (139K)
[2019.11.06-15.30.48:608][  0]LogRenderer: Reallocating scene render targets to support 1168x800 Format 10 NumSamples 1 (Frame:1).
[2019.11.06-15.30.48:715][  0]LogContentBrowser: Native class hierarchy updated for 'HierarchicalLODOutliner' in 0.0003 seconds. Added 0 classes and 0 folders.
[2019.11.06-15.30.48:715][  0]LogLoad: (Engine Initialization) Total time: 6.90 seconds
[2019.11.06-15.30.48:715][  0]LogLoad: (Engine Initialization) Total Blueprint compile time: 0.00 seconds
[2019.11.06-15.30.48:762][  0]LogAssetRegistry: Asset discovery search completed in 4.0402 seconds
[2019.11.06-15.30.48:765][  0]LogCollectionManager: Rebuilt the object cache for 0 collections in 0.000004 seconds (found 0 objects)
[2019.11.06-15.30.48:765][  0]LogCollectionManager: Fixed up redirectors for 0 collections in 0.000049 seconds (updated 0 objects)
[2019.11.06-15.30.48:767][  0]LogContentStreaming: Texture pool size now 1000 MB
[2019.11.06-15.30.48:804][  0]LogSlate: Took 0.000219 seconds to synchronously load lazily loaded font '../../../Engine/Content/Slate/Fonts/Roboto-Light.ttf' (167K)
[2019.11.06-15.30.49:746][ 72]LogSlate: Took 0.000185 seconds to synchronously load lazily loaded font '../../../Engine/Content/Slate/Fonts/Roboto-Light.ttf' (167K)
[2019.11.06-15.30.50:172][101]LogSlate: FSceneViewport::OnFocusLost() reason 0
[2019.11.06-15.30.50:256][110]LogTemp: Repeating last play command: Selected Viewport
[2019.11.06-15.30.50:260][110]LogBlueprintUserMessages: Early PlayInEditor Detection: Level '/Game/ThirdPersonBP/Maps/ThirdPersonExampleMap.ThirdPersonExampleMap:PersistentLevel' has LevelScriptBlueprint '/Game/ThirdPersonBP/Maps/ThirdPersonExampleMap.ThirdPersonExampleMap:PersistentLevel.ThirdPersonExampleMap' with GeneratedClass '/Game/ThirdPersonBP/Maps/ThirdPersonExampleMap.ThirdPersonExampleMap_C' with ClassGeneratedBy '/Game/ThirdPersonBP/Maps/ThirdPersonExampleMap.ThirdPersonExampleMap:PersistentLevel.ThirdPersonExampleMap'
[2019.11.06-15.30.50:261][110]LogPlayLevel: PlayLevel: No blueprints needed recompiling
[2019.11.06-15.30.50:261][110]PIE: New page: PIE session: ThirdPersonExampleMap (6 nov. 2019 17:30:50)
[2019.11.06-15.30.50:262][110]LogOnline: OSS: Creating online subsystem instance for: NULL
[2019.11.06-15.30.50:263][110]LogPlayLevel: Creating play world package: /Game/ThirdPersonBP/Maps/UEDPIE_0_ThirdPersonExampleMap
[2019.11.06-15.30.50:279][110]LogPlayLevel: PIE: StaticDuplicateObject took: (0.015974s)
[2019.11.06-15.30.50:280][110]LogAIModule: Creating AISystem for world ThirdPersonExampleMap
[2019.11.06-15.30.50:280][110]LogPlayLevel: PIE: World Init took: (0.001145s)
[2019.11.06-15.30.50:280][110]LogPlayLevel: PIE: Created PIE world by copying editor world from /Game/ThirdPersonBP/Maps/ThirdPersonExampleMap.ThirdPersonExampleMap to /Game/ThirdPersonBP/Maps/UEDPIE_0_ThirdPersonExampleMap.ThirdPersonExampleMap (0.017347s)
[2019.11.06-15.30.50:304][110]LogUObjectHash: Compacting FUObjectHashTables data took   1.56ms
[2019.11.06-15.30.50:315][110]LogInit: XAudio2 using 'Haut-parleurs (5- Périphérique High Definition Audio)' : 2 channels at 48 kHz using 16 bits per sample (channel mask 0x3)
[2019.11.06-15.30.50:325][110]LogInit: FAudioDevice initialized.
[2019.11.06-15.30.50:335][110]LogLoad: Game class is 'ThirdPersonGameMode_C'
[2019.11.06-15.30.50:337][110]LogWorld: Bringing World /Game/ThirdPersonBP/Maps/UEDPIE_0_ThirdPersonExampleMap.ThirdPersonExampleMap up for play (max tick rate 0) at 2019.11.06-16.30.50
[2019.11.06-15.30.50:338][110]LogWorld: Bringing up level for play took: 0.001787
[2019.11.06-15.30.50:338][110]LogOnline: OSS: Creating online subsystem instance for: :Context_1
[2019.11.06-15.30.50:343][110]LogContentBrowser: Native class hierarchy updated for 'MovieSceneCapture' in 0.0003 seconds. Added 20 classes and 0 folders.
[2019.11.06-15.30.50:343][110]PIE: Play in editor start time for /Game/ThirdPersonBP/Maps/UEDPIE_0_ThirdPersonExampleMap -0,047
[2019.11.06-15.30.50:344][110]LogBlueprintUserMessages: Late PlayInEditor Detection: Level '/Game/ThirdPersonBP/Maps/ThirdPersonExampleMap.ThirdPersonExampleMap:PersistentLevel' has LevelScriptBlueprint '/Game/ThirdPersonBP/Maps/ThirdPersonExampleMap.ThirdPersonExampleMap:PersistentLevel.ThirdPersonExampleMap' with GeneratedClass '/Game/ThirdPersonBP/Maps/ThirdPersonExampleMap.ThirdPersonExampleMap_C' with ClassGeneratedBy '/Game/ThirdPersonBP/Maps/ThirdPersonExampleMap.ThirdPersonExampleMap:PersistentLevel.ThirdPersonExampleMap'
[2019.11.06-15.30.51:800][227]LogBlueprintUserMessages: Early EndPlayMap Detection: Level '/Game/ThirdPersonBP/Maps/ThirdPersonExampleMap.ThirdPersonExampleMap:PersistentLevel' has LevelScriptBlueprint '/Game/ThirdPersonBP/Maps/ThirdPersonExampleMap.ThirdPersonExampleMap:PersistentLevel.ThirdPersonExampleMap' with GeneratedClass '/Game/ThirdPersonBP/Maps/ThirdPersonExampleMap.ThirdPersonExampleMap_C' with ClassGeneratedBy '/Game/ThirdPersonBP/Maps/ThirdPersonExampleMap.ThirdPersonExampleMap:PersistentLevel.ThirdPersonExampleMap'
[2019.11.06-15.30.51:800][227]LogSlate: Updating window title bar state: overlay mode, drag disabled, window buttons hidden, title bar hidden
[2019.11.06-15.30.51:800][227]LogWorld: BeginTearingDown for /Game/ThirdPersonBP/Maps/UEDPIE_0_ThirdPersonExampleMap
[2019.11.06-15.30.51:800][227]LogWorld: UWorld::CleanupWorld for ThirdPersonExampleMap, bSessionEnded=true, bCleanupResources=true
[2019.11.06-15.30.51:820][227]LogPlayLevel: Display: Shutting down PIE online subsystems
[2019.11.06-15.30.51:820][227]LogBlueprintUserMessages: Late EndPlayMap Detection: Level '/Game/ThirdPersonBP/Maps/ThirdPersonExampleMap.ThirdPersonExampleMap:PersistentLevel' has LevelScriptBlueprint '/Game/ThirdPersonBP/Maps/ThirdPersonExampleMap.ThirdPersonExampleMap:PersistentLevel.ThirdPersonExampleMap' with GeneratedClass '/Game/ThirdPersonBP/Maps/ThirdPersonExampleMap.ThirdPersonExampleMap_C' with ClassGeneratedBy '/Game/ThirdPersonBP/Maps/ThirdPersonExampleMap.ThirdPersonExampleMap:PersistentLevel.ThirdPersonExampleMap'
[2019.11.06-15.30.51:844][227]LogSlate: Updating window title bar state: overlay mode, drag disabled, window buttons hidden, title bar hidden
[2019.11.06-15.30.51:847][227]LogUObjectHash: Compacting FUObjectHashTables data took   1.95ms
[2019.11.06-15.30.51:925][229]LogPlayLevel: Display: Destroying online subsystem :Context_1
[2019.11.06-15.30.52:401][267]LogSlate: FSceneViewport::OnFocusLost() reason 5
[2019.11.06-15.30.52:444][267]LogUObjectHash: Compacting FUObjectHashTables data took   0.78ms
[2019.11.06-15.30.52:611][267]LogSavePackage: Moving '../../../../../M2/MoteurDeJeux/Fortnite/Saved/ThirdPersonExampleMap84AA5EE24DCC7D4D6F46F1B7D5D687E0.tmp' to '../../../../../M2/MoteurDeJeux/Fortnite/Content/ThirdPersonBP/Maps/ThirdPersonExampleMap.umap'
[2019.11.06-15.30.52:740][267]LogSavePackage: Moving '../../../../../M2/MoteurDeJeux/Fortnite/Saved/ThirdPersonExampleMap_BuiltDataE3096DC74823D3F94AA6838865A2A634.tmp' to '../../../../../M2/MoteurDeJeux/Fortnite/Content/ThirdPersonBP/Maps/ThirdPersonExampleMap_BuiltData.uasset'
[2019.11.06-15.30.55:704][505]LogSlate: FSceneViewport::OnFocusLost() reason 2
[2019.11.06-15.30.57:104][575]LogSlate: FSceneViewport::OnFocusLost() reason 5
[2019.11.06-15.30.57:107][575]LogAssetEditorManager: Opening Asset editor for LevelScriptBlueprint /Game/ThirdPersonBP/Maps/ThirdPersonExampleMap.ThirdPersonExampleMap:PersistentLevel.ThirdPersonExampleMap
[2019.11.06-15.30.57:380][575]LogContentBrowser: Native class hierarchy updated for 'BlueprintGraph' in 0.0005 seconds. Added 121 classes and 0 folders.
[2019.11.06-15.30.58:331][575]LogSlate: Took 0.000316 seconds to synchronously load lazily loaded font '../../../Engine/Content/Slate/Fonts/Roboto-BoldCondensed.ttf' (158K)
[2019.11.06-15.30.58:386][576]LogSlate: Took 0.000279 seconds to synchronously load lazily loaded font '../../../Engine/Content/Slate/Fonts/Roboto-Italic.ttf' (157K)
[2019.11.06-15.31.09:381][999]LogUObjectHash: Compacting FUObjectHashTables data took   3.81ms
[2019.11.06-15.31.09:588][999]LogSavePackage: Moving '../../../../../M2/MoteurDeJeux/Fortnite/Saved/ThirdPersonExampleMapA317CF4C47E61E9CE85B218C165B7D5A.tmp' to '../../../../../M2/MoteurDeJeux/Fortnite/Content/ThirdPersonBP/Maps/ThirdPersonExampleMap.umap'
[2019.11.06-15.31.09:598][999]LogFileHelpers: Saving map 'ThirdPersonExampleMap' took 0.253
[2019.11.06-15.31.10:019][ 24]LogSlate: FSceneViewport::OnFocusLost() reason 0
[2019.11.06-15.31.11:296][114]LogEditorTransaction: Undo Move Node
[2019.11.06-15.31.12:407][178]LogTemp: Repeating last play command: Selected Viewport
[2019.11.06-15.31.12:415][178]LogBlueprintUserMessages: Early PlayInEditor Detection: Level '/Game/ThirdPersonBP/Maps/ThirdPersonExampleMap.ThirdPersonExampleMap:PersistentLevel' has LevelScriptBlueprint '/Game/ThirdPersonBP/Maps/ThirdPersonExampleMap.ThirdPersonExampleMap:PersistentLevel.ThirdPersonExampleMap' with GeneratedClass '/Game/ThirdPersonBP/Maps/ThirdPersonExampleMap.ThirdPersonExampleMap_C' with ClassGeneratedBy '/Game/ThirdPersonBP/Maps/ThirdPersonExampleMap.ThirdPersonExampleMap:PersistentLevel.ThirdPersonExampleMap'
[2019.11.06-15.31.12:415][178]BlueprintLog: New page: Pre-Play auto-recompile
[2019.11.06-15.31.12:415][178]LogPlayLevel: [PlayLevel] Compiling ThirdPersonExampleMap before play...
[2019.11.06-15.31.12:609][178]LogUObjectHash: Compacting FUObjectHashTables data took   3.50ms
[2019.11.06-15.31.12:609][178]LogPlayLevel: PlayLevel: Blueprint regeneration took 194 ms (1 blueprints)
[2019.11.06-15.31.12:609][178]PIE: New page: PIE session: ThirdPersonExampleMap (6 nov. 2019 17:31:12)
[2019.11.06-15.31.12:609][178]LogPlayLevel: Creating play world package: /Game/ThirdPersonBP/Maps/UEDPIE_0_ThirdPersonExampleMap
[2019.11.06-15.31.12:622][178]LogPlayLevel: PIE: StaticDuplicateObject took: (0.012526s)
[2019.11.06-15.31.12:623][178]LogAIModule: Creating AISystem for world ThirdPersonExampleMap
[2019.11.06-15.31.12:623][178]LogPlayLevel: PIE: World Init took: (0.001058s)
[2019.11.06-15.31.12:623][178]LogPlayLevel: PIE: Created PIE world by copying editor world from /Game/ThirdPersonBP/Maps/ThirdPersonExampleMap.ThirdPersonExampleMap to /Game/ThirdPersonBP/Maps/UEDPIE_0_ThirdPersonExampleMap.ThirdPersonExampleMap (0.013735s)
[2019.11.06-15.31.12:655][178]LogUObjectHash: Compacting FUObjectHashTables data took   2.58ms
[2019.11.06-15.31.12:666][178]LogInit: XAudio2 using 'Haut-parleurs (5- Périphérique High Definition Audio)' : 2 channels at 48 kHz using 16 bits per sample (channel mask 0x3)
[2019.11.06-15.31.12:676][178]LogInit: FAudioDevice initialized.
[2019.11.06-15.31.12:684][178]LogLoad: Game class is 'ThirdPersonGameMode_C'
[2019.11.06-15.31.12:687][178]LogWorld: Bringing World /Game/ThirdPersonBP/Maps/UEDPIE_0_ThirdPersonExampleMap.ThirdPersonExampleMap up for play (max tick rate 0) at 2019.11.06-16.31.12
[2019.11.06-15.31.12:687][178]LogWorld: Bringing up level for play took: 0.002152
[2019.11.06-15.31.12:687][178]LogOnline: OSS: Creating online subsystem instance for: :Context_6
[2019.11.06-15.31.12:689][178]PIE: Play in editor start time for /Game/ThirdPersonBP/Maps/UEDPIE_0_ThirdPersonExampleMap 0,298
[2019.11.06-15.31.12:689][178]LogBlueprintUserMessages: Late PlayInEditor Detection: Level '/Game/ThirdPersonBP/Maps/ThirdPersonExampleMap.ThirdPersonExampleMap:PersistentLevel' has LevelScriptBlueprint '/Game/ThirdPersonBP/Maps/ThirdPersonExampleMap.ThirdPersonExampleMap:PersistentLevel.ThirdPersonExampleMap' with GeneratedClass '/Game/ThirdPersonBP/Maps/ThirdPersonExampleMap.ThirdPersonExampleMap_C' with ClassGeneratedBy '/Game/ThirdPersonBP/Maps/ThirdPersonExampleMap.ThirdPersonExampleMap:PersistentLevel.ThirdPersonExampleMap'
[2019.11.06-15.31.13:034][195]LogSlate: FSceneViewport::OnFocusLost() reason 0
[2019.11.06-15.31.15:940][357]LogBlueprintUserMessages: Early EndPlayMap Detection: Level '/Game/ThirdPersonBP/Maps/ThirdPersonExampleMap.ThirdPersonExampleMap:PersistentLevel' has LevelScriptBlueprint '/Game/ThirdPersonBP/Maps/ThirdPersonExampleMap.ThirdPersonExampleMap:PersistentLevel.ThirdPersonExampleMap' with GeneratedClass '/Game/ThirdPersonBP/Maps/ThirdPersonExampleMap.ThirdPersonExampleMap_C' with ClassGeneratedBy '/Game/ThirdPersonBP/Maps/ThirdPersonExampleMap.ThirdPersonExampleMap:PersistentLevel.ThirdPersonExampleMap'
[2019.11.06-15.31.15:940][357]LogSlate: Updating window title bar state: overlay mode, drag disabled, window buttons hidden, title bar hidden
[2019.11.06-15.31.15:940][357]LogWorld: BeginTearingDown for /Game/ThirdPersonBP/Maps/UEDPIE_0_ThirdPersonExampleMap
[2019.11.06-15.31.15:940][357]LogWorld: UWorld::CleanupWorld for ThirdPersonExampleMap, bSessionEnded=true, bCleanupResources=true
[2019.11.06-15.31.15:956][357]LogPlayLevel: Display: Shutting down PIE online subsystems
[2019.11.06-15.31.15:956][357]LogBlueprintUserMessages: Late EndPlayMap Detection: Level '/Game/ThirdPersonBP/Maps/ThirdPersonExampleMap.ThirdPersonExampleMap:PersistentLevel' has LevelScriptBlueprint '/Game/ThirdPersonBP/Maps/ThirdPersonExampleMap.ThirdPersonExampleMap:PersistentLevel.ThirdPersonExampleMap' with GeneratedClass '/Game/ThirdPersonBP/Maps/ThirdPersonExampleMap.ThirdPersonExampleMap_C' with ClassGeneratedBy '/Game/ThirdPersonBP/Maps/ThirdPersonExampleMap.ThirdPersonExampleMap:PersistentLevel.ThirdPersonExampleMap'
[2019.11.06-15.31.15:989][357]LogSlate: Updating window title bar state: overlay mode, drag disabled, window buttons hidden, title bar hidden
[2019.11.06-15.31.15:993][357]LogUObjectHash: Compacting FUObjectHashTables data took   2.64ms
[2019.11.06-15.31.16:056][359]LogPlayLevel: Display: Destroying online subsystem :Context_6
[2019.11.06-15.31.16:337][376]LogTemp: Repeating last play command: Selected Viewport
[2019.11.06-15.31.16:342][376]LogBlueprintUserMessages: Early PlayInEditor Detection: Level '/Game/ThirdPersonBP/Maps/ThirdPersonExampleMap.ThirdPersonExampleMap:PersistentLevel' has LevelScriptBlueprint '/Game/ThirdPersonBP/Maps/ThirdPersonExampleMap.ThirdPersonExampleMap:PersistentLevel.ThirdPersonExampleMap' with GeneratedClass '/Game/ThirdPersonBP/Maps/ThirdPersonExampleMap.ThirdPersonExampleMap_C' with ClassGeneratedBy '/Game/ThirdPersonBP/Maps/ThirdPersonExampleMap.ThirdPersonExampleMap:PersistentLevel.ThirdPersonExampleMap'
[2019.11.06-15.31.16:342][376]LogPlayLevel: PlayLevel: No blueprints needed recompiling
[2019.11.06-15.31.16:343][376]PIE: New page: PIE session: ThirdPersonExampleMap (6 nov. 2019 17:31:16)
[2019.11.06-15.31.16:343][376]LogPlayLevel: Creating play world package: /Game/ThirdPersonBP/Maps/UEDPIE_0_ThirdPersonExampleMap
[2019.11.06-15.31.16:355][376]LogPlayLevel: PIE: StaticDuplicateObject took: (0.012826s)
[2019.11.06-15.31.16:356][376]LogAIModule: Creating AISystem for world ThirdPersonExampleMap
[2019.11.06-15.31.16:357][376]LogPlayLevel: PIE: World Init took: (0.001076s)
[2019.11.06-15.31.16:357][376]LogPlayLevel: PIE: Created PIE world by copying editor world from /Game/ThirdPersonBP/Maps/ThirdPersonExampleMap.ThirdPersonExampleMap to /Game/ThirdPersonBP/Maps/UEDPIE_0_ThirdPersonExampleMap.ThirdPersonExampleMap (0.014050s)
[2019.11.06-15.31.16:385][376]LogUObjectHash: Compacting FUObjectHashTables data took   2.79ms
[2019.11.06-15.31.16:396][376]LogInit: XAudio2 using 'Haut-parleurs (5- Périphérique High Definition Audio)' : 2 channels at 48 kHz using 16 bits per sample (channel mask 0x3)
[2019.11.06-15.31.16:406][376]LogInit: FAudioDevice initialized.
[2019.11.06-15.31.16:413][376]LogLoad: Game class is 'ThirdPersonGameMode_C'
[2019.11.06-15.31.16:415][376]LogWorld: Bringing World /Game/ThirdPersonBP/Maps/UEDPIE_0_ThirdPersonExampleMap.ThirdPersonExampleMap up for play (max tick rate 0) at 2019.11.06-16.31.16
[2019.11.06-15.31.16:415][376]LogWorld: Bringing up level for play took: 0.001978
[2019.11.06-15.31.16:416][376]LogOnline: OSS: Creating online subsystem instance for: :Context_7
[2019.11.06-15.31.16:418][376]PIE: Play in editor start time for /Game/ThirdPersonBP/Maps/UEDPIE_0_ThirdPersonExampleMap 0,027
[2019.11.06-15.31.16:418][376]LogBlueprintUserMessages: Late PlayInEditor Detection: Level '/Game/ThirdPersonBP/Maps/ThirdPersonExampleMap.ThirdPersonExampleMap:PersistentLevel' has LevelScriptBlueprint '/Game/ThirdPersonBP/Maps/ThirdPersonExampleMap.ThirdPersonExampleMap:PersistentLevel.ThirdPersonExampleMap' with GeneratedClass '/Game/ThirdPersonBP/Maps/ThirdPersonExampleMap.ThirdPersonExampleMap_C' with ClassGeneratedBy '/Game/ThirdPersonBP/Maps/ThirdPersonExampleMap.ThirdPersonExampleMap:PersistentLevel.ThirdPersonExampleMap'
[2019.11.06-15.31.18:272][503]LogSlate: FSceneViewport::OnFocusLost() reason 0
[2019.11.06-15.31.18:353][511]LogBlueprintUserMessages: Early EndPlayMap Detection: Level '/Game/ThirdPersonBP/Maps/ThirdPersonExampleMap.ThirdPersonExampleMap:PersistentLevel' has LevelScriptBlueprint '/Game/ThirdPersonBP/Maps/ThirdPersonExampleMap.ThirdPersonExampleMap:PersistentLevel.ThirdPersonExampleMap' with GeneratedClass '/Game/ThirdPersonBP/Maps/ThirdPersonExampleMap.ThirdPersonExampleMap_C' with ClassGeneratedBy '/Game/ThirdPersonBP/Maps/ThirdPersonExampleMap.ThirdPersonExampleMap:PersistentLevel.ThirdPersonExampleMap'
[2019.11.06-15.31.18:353][511]LogSlate: Updating window title bar state: overlay mode, drag disabled, window buttons hidden, title bar hidden
[2019.11.06-15.31.18:354][511]LogWorld: BeginTearingDown for /Game/ThirdPersonBP/Maps/UEDPIE_0_ThirdPersonExampleMap
[2019.11.06-15.31.18:354][511]LogWorld: UWorld::CleanupWorld for ThirdPersonExampleMap, bSessionEnded=true, bCleanupResources=true
[2019.11.06-15.31.18:367][511]LogPlayLevel: Display: Shutting down PIE online subsystems
[2019.11.06-15.31.18:367][511]LogBlueprintUserMessages: Late EndPlayMap Detection: Level '/Game/ThirdPersonBP/Maps/ThirdPersonExampleMap.ThirdPersonExampleMap:PersistentLevel' has LevelScriptBlueprint '/Game/ThirdPersonBP/Maps/ThirdPersonExampleMap.ThirdPersonExampleMap:PersistentLevel.ThirdPersonExampleMap' with GeneratedClass '/Game/ThirdPersonBP/Maps/ThirdPersonExampleMap.ThirdPersonExampleMap_C' with ClassGeneratedBy '/Game/ThirdPersonBP/Maps/ThirdPersonExampleMap.ThirdPersonExampleMap:PersistentLevel.ThirdPersonExampleMap'
[2019.11.06-15.31.18:396][511]LogSlate: Updating window title bar state: overlay mode, drag disabled, window buttons hidden, title bar hidden
[2019.11.06-15.31.18:399][511]LogUObjectHash: Compacting FUObjectHashTables data took   2.62ms
[2019.11.06-15.31.18:458][513]LogPlayLevel: Display: Destroying online subsystem :Context_7
[2019.11.06-15.31.21:920][688]LogUObjectHash: Compacting FUObjectHashTables data took   0.88ms
[2019.11.06-15.31.22:146][688]LogSavePackage: Moving '../../../../../M2/MoteurDeJeux/Fortnite/Saved/ThirdPersonExampleMapB656BFE14D35B272C2AE9A8FE5AFB097.tmp' to '../../../../../M2/MoteurDeJeux/Fortnite/Content/ThirdPersonBP/Maps/ThirdPersonExampleMap.umap'
[2019.11.06-15.31.22:157][688]LogFileHelpers: Saving map 'ThirdPersonExampleMap' took 0.265
[2019.11.06-15.31.24:719][775]LogSlate: Window 'ThirdPersonExampleMap' being destroyed
[2019.11.06-15.31.24:721][775]LogSlate: Window 'ThirdPersonExampleMap' being destroyed
[2019.11.06-15.31.24:738][775]LogWorld: UWorld::CleanupWorld for World_3, bSessionEnded=true, bCleanupResources=true
[2019.11.06-15.31.25:699][807]LogEditorViewport: Clicking on Actor (LMB): StaticMeshActor (Wall7)
[2019.11.06-15.31.26:321][847]LogSlate: FSceneViewport::OnFocusLost() reason 0
[2019.11.06-15.31.26:411][857]LogTemp: Repeating last play command: Selected Viewport
[2019.11.06-15.31.26:416][857]LogBlueprintUserMessages: Early PlayInEditor Detection: Level '/Game/ThirdPersonBP/Maps/ThirdPersonExampleMap.ThirdPersonExampleMap:PersistentLevel' has LevelScriptBlueprint '/Game/ThirdPersonBP/Maps/ThirdPersonExampleMap.ThirdPersonExampleMap:PersistentLevel.ThirdPersonExampleMap' with GeneratedClass '/Game/ThirdPersonBP/Maps/ThirdPersonExampleMap.ThirdPersonExampleMap_C' with ClassGeneratedBy '/Game/ThirdPersonBP/Maps/ThirdPersonExampleMap.ThirdPersonExampleMap:PersistentLevel.ThirdPersonExampleMap'
[2019.11.06-15.31.26:416][857]LogPlayLevel: PlayLevel: No blueprints needed recompiling
[2019.11.06-15.31.26:416][857]PIE: New page: PIE session: ThirdPersonExampleMap (6 nov. 2019 17:31:26)
[2019.11.06-15.31.26:416][857]LogPlayLevel: Creating play world package: /Game/ThirdPersonBP/Maps/UEDPIE_0_ThirdPersonExampleMap
[2019.11.06-15.31.26:430][857]LogPlayLevel: PIE: StaticDuplicateObject took: (0.013204s)
[2019.11.06-15.31.26:431][857]LogAIModule: Creating AISystem for world ThirdPersonExampleMap
[2019.11.06-15.31.26:431][857]LogPlayLevel: PIE: World Init took: (0.001835s)
[2019.11.06-15.31.26:432][857]LogPlayLevel: PIE: Created PIE world by copying editor world from /Game/ThirdPersonBP/Maps/ThirdPersonExampleMap.ThirdPersonExampleMap to /Game/ThirdPersonBP/Maps/UEDPIE_0_ThirdPersonExampleMap.ThirdPersonExampleMap (0.015236s)
[2019.11.06-15.31.26:463][857]LogUObjectHash: Compacting FUObjectHashTables data took   4.03ms
[2019.11.06-15.31.26:476][857]LogInit: XAudio2 using 'Haut-parleurs (5- Périphérique High Definition Audio)' : 2 channels at 48 kHz using 16 bits per sample (channel mask 0x3)
[2019.11.06-15.31.26:485][857]LogInit: FAudioDevice initialized.
[2019.11.06-15.31.26:496][857]LogLoad: Game class is 'ThirdPersonGameMode_C'
[2019.11.06-15.31.26:498][857]LogWorld: Bringing World /Game/ThirdPersonBP/Maps/UEDPIE_0_ThirdPersonExampleMap.ThirdPersonExampleMap up for play (max tick rate 0) at 2019.11.06-16.31.26
[2019.11.06-15.31.26:498][857]LogWorld: Bringing up level for play took: 0.001877
[2019.11.06-15.31.26:498][857]LogOnline: OSS: Creating online subsystem instance for: :Context_10
[2019.11.06-15.31.26:500][857]PIE: Play in editor start time for /Game/ThirdPersonBP/Maps/UEDPIE_0_ThirdPersonExampleMap 0,11
[2019.11.06-15.31.26:501][857]LogBlueprintUserMessages: Late PlayInEditor Detection: Level '/Game/ThirdPersonBP/Maps/ThirdPersonExampleMap.ThirdPersonExampleMap:PersistentLevel' has LevelScriptBlueprint '/Game/ThirdPersonBP/Maps/ThirdPersonExampleMap.ThirdPersonExampleMap:PersistentLevel.ThirdPersonExampleMap' with GeneratedClass '/Game/ThirdPersonBP/Maps/ThirdPersonExampleMap.ThirdPersonExampleMap_C' with ClassGeneratedBy '/Game/ThirdPersonBP/Maps/ThirdPersonExampleMap.ThirdPersonExampleMap:PersistentLevel.ThirdPersonExampleMap'
[2019.11.06-15.31.31:566][185]LogBlueprintUserMessages: Early EndPlayMap Detection: Level '/Game/ThirdPersonBP/Maps/ThirdPersonExampleMap.ThirdPersonExampleMap:PersistentLevel' has LevelScriptBlueprint '/Game/ThirdPersonBP/Maps/ThirdPersonExampleMap.ThirdPersonExampleMap:PersistentLevel.ThirdPersonExampleMap' with GeneratedClass '/Game/ThirdPersonBP/Maps/ThirdPersonExampleMap.ThirdPersonExampleMap_C' with ClassGeneratedBy '/Game/ThirdPersonBP/Maps/ThirdPersonExampleMap.ThirdPersonExampleMap:PersistentLevel.ThirdPersonExampleMap'
[2019.11.06-15.31.31:566][185]LogSlate: Updating window title bar state: overlay mode, drag disabled, window buttons hidden, title bar hidden
[2019.11.06-15.31.31:566][185]LogWorld: BeginTearingDown for /Game/ThirdPersonBP/Maps/UEDPIE_0_ThirdPersonExampleMap
[2019.11.06-15.31.31:566][185]LogWorld: UWorld::CleanupWorld for ThirdPersonExampleMap, bSessionEnded=true, bCleanupResources=true
[2019.11.06-15.31.31:607][185]LogPlayLevel: Display: Shutting down PIE online subsystems
[2019.11.06-15.31.31:607][185]LogBlueprintUserMessages: Late EndPlayMap Detection: Level '/Game/ThirdPersonBP/Maps/ThirdPersonExampleMap.ThirdPersonExampleMap:PersistentLevel' has LevelScriptBlueprint '/Game/ThirdPersonBP/Maps/ThirdPersonExampleMap.ThirdPersonExampleMap:PersistentLevel.ThirdPersonExampleMap' with GeneratedClass '/Game/ThirdPersonBP/Maps/ThirdPersonExampleMap.ThirdPersonExampleMap_C' with ClassGeneratedBy '/Game/ThirdPersonBP/Maps/ThirdPersonExampleMap.ThirdPersonExampleMap:PersistentLevel.ThirdPersonExampleMap'
[2019.11.06-15.31.31:636][185]LogSlate: Updating window title bar state: overlay mode, drag disabled, window buttons hidden, title bar hidden
[2019.11.06-15.31.31:640][185]LogUObjectHash: Compacting FUObjectHashTables data took   2.89ms
[2019.11.06-15.31.31:667][186]LogPlayLevel: Display: Destroying online subsystem :Context_10
[2019.11.06-15.31.32:140][213]LogSlate: FSceneViewport::OnFocusLost() reason 5
[2019.11.06-15.31.32:177][213]LogUObjectHash: Compacting FUObjectHashTables data took   0.97ms
[2019.11.06-15.31.32:387][213]LogSavePackage: Moving '../../../../../M2/MoteurDeJeux/Fortnite/Saved/ThirdPersonExampleMapAD9ABD38445A9478413FB094E7D2AAA0.tmp' to '../../../../../M2/MoteurDeJeux/Fortnite/Content/ThirdPersonBP/Maps/ThirdPersonExampleMap.umap'
[2019.11.06-15.31.32:485][213]LogSavePackage: Moving '../../../../../M2/MoteurDeJeux/Fortnite/Saved/ThirdPersonExampleMap_BuiltData7FB88DDD4C20138B039D49844E933F31.tmp' to '../../../../../M2/MoteurDeJeux/Fortnite/Content/ThirdPersonBP/Maps/ThirdPersonExampleMap_BuiltData.uasset'
[2019.11.06-15.31.33:271][273]LogSlate: FSceneViewport::OnFocusLost() reason 0
[2019.11.06-15.31.33:360][280]LogTemp: Repeating last play command: Selected Viewport
[2019.11.06-15.31.33:364][280]LogBlueprintUserMessages: Early PlayInEditor Detection: Level '/Game/ThirdPersonBP/Maps/ThirdPersonExampleMap.ThirdPersonExampleMap:PersistentLevel' has LevelScriptBlueprint '/Game/ThirdPersonBP/Maps/ThirdPersonExampleMap.ThirdPersonExampleMap:PersistentLevel.ThirdPersonExampleMap' with GeneratedClass '/Game/ThirdPersonBP/Maps/ThirdPersonExampleMap.ThirdPersonExampleMap_C' with ClassGeneratedBy '/Game/ThirdPersonBP/Maps/ThirdPersonExampleMap.ThirdPersonExampleMap:PersistentLevel.ThirdPersonExampleMap'
[2019.11.06-15.31.33:365][280]LogPlayLevel: PlayLevel: No blueprints needed recompiling
[2019.11.06-15.31.33:365][280]PIE: New page: PIE session: ThirdPersonExampleMap (6 nov. 2019 17:31:33)
[2019.11.06-15.31.33:365][280]LogPlayLevel: Creating play world package: /Game/ThirdPersonBP/Maps/UEDPIE_0_ThirdPersonExampleMap
[2019.11.06-15.31.33:378][280]LogPlayLevel: PIE: StaticDuplicateObject took: (0.013056s)
[2019.11.06-15.31.33:379][280]LogAIModule: Creating AISystem for world ThirdPersonExampleMap
[2019.11.06-15.31.33:379][280]LogPlayLevel: PIE: World Init took: (0.001184s)
[2019.11.06-15.31.33:379][280]LogPlayLevel: PIE: Created PIE world by copying editor world from /Game/ThirdPersonBP/Maps/ThirdPersonExampleMap.ThirdPersonExampleMap to /Game/ThirdPersonBP/Maps/UEDPIE_0_ThirdPersonExampleMap.ThirdPersonExampleMap (0.014386s)
[2019.11.06-15.31.33:409][280]LogUObjectHash: Compacting FUObjectHashTables data took   3.49ms
[2019.11.06-15.31.33:421][280]LogInit: XAudio2 using 'Haut-parleurs (5- Périphérique High Definition Audio)' : 2 channels at 48 kHz using 16 bits per sample (channel mask 0x3)
[2019.11.06-15.31.33:430][280]LogInit: FAudioDevice initialized.
[2019.11.06-15.31.33:438][280]LogLoad: Game class is 'ThirdPersonGameMode_C'
[2019.11.06-15.31.33:440][280]LogWorld: Bringing World /Game/ThirdPersonBP/Maps/UEDPIE_0_ThirdPersonExampleMap.ThirdPersonExampleMap up for play (max tick rate 0) at 2019.11.06-16.31.33
[2019.11.06-15.31.33:440][280]LogWorld: Bringing up level for play took: 0.001633
[2019.11.06-15.31.33:441][280]LogOnline: OSS: Creating online subsystem instance for: :Context_11
[2019.11.06-15.31.33:442][280]PIE: Play in editor start time for /Game/ThirdPersonBP/Maps/UEDPIE_0_ThirdPersonExampleMap 1,052
[2019.11.06-15.31.33:443][280]LogBlueprintUserMessages: Late PlayInEditor Detection: Level '/Game/ThirdPersonBP/Maps/ThirdPersonExampleMap.ThirdPersonExampleMap:PersistentLevel' has LevelScriptBlueprint '/Game/ThirdPersonBP/Maps/ThirdPersonExampleMap.ThirdPersonExampleMap:PersistentLevel.ThirdPersonExampleMap' with GeneratedClass '/Game/ThirdPersonBP/Maps/ThirdPersonExampleMap.ThirdPersonExampleMap_C' with ClassGeneratedBy '/Game/ThirdPersonBP/Maps/ThirdPersonExampleMap.ThirdPersonExampleMap:PersistentLevel.ThirdPersonExampleMap'
[2019.11.06-15.31.34:810][388]LogBlueprintUserMessages: Early EndPlayMap Detection: Level '/Game/ThirdPersonBP/Maps/ThirdPersonExampleMap.ThirdPersonExampleMap:PersistentLevel' has LevelScriptBlueprint '/Game/ThirdPersonBP/Maps/ThirdPersonExampleMap.ThirdPersonExampleMap:PersistentLevel.ThirdPersonExampleMap' with GeneratedClass '/Game/ThirdPersonBP/Maps/ThirdPersonExampleMap.ThirdPersonExampleMap_C' with ClassGeneratedBy '/Game/ThirdPersonBP/Maps/ThirdPersonExampleMap.ThirdPersonExampleMap:PersistentLevel.ThirdPersonExampleMap'
[2019.11.06-15.31.34:810][388]LogSlate: Updating window title bar state: overlay mode, drag disabled, window buttons hidden, title bar hidden
[2019.11.06-15.31.34:810][388]LogWorld: BeginTearingDown for /Game/ThirdPersonBP/Maps/UEDPIE_0_ThirdPersonExampleMap
[2019.11.06-15.31.34:810][388]LogWorld: UWorld::CleanupWorld for ThirdPersonExampleMap, bSessionEnded=true, bCleanupResources=true
[2019.11.06-15.31.34:830][388]LogPlayLevel: Display: Shutting down PIE online subsystems
[2019.11.06-15.31.34:830][388]LogBlueprintUserMessages: Late EndPlayMap Detection: Level '/Game/ThirdPersonBP/Maps/ThirdPersonExampleMap.ThirdPersonExampleMap:PersistentLevel' has LevelScriptBlueprint '/Game/ThirdPersonBP/Maps/ThirdPersonExampleMap.ThirdPersonExampleMap:PersistentLevel.ThirdPersonExampleMap' with GeneratedClass '/Game/ThirdPersonBP/Maps/ThirdPersonExampleMap.ThirdPersonExampleMap_C' with ClassGeneratedBy '/Game/ThirdPersonBP/Maps/ThirdPersonExampleMap.ThirdPersonExampleMap:PersistentLevel.ThirdPersonExampleMap'
[2019.11.06-15.31.34:864][388]LogSlate: Updating window title bar state: overlay mode, drag disabled, window buttons hidden, title bar hidden
[2019.11.06-15.31.34:867][388]LogUObjectHash: Compacting FUObjectHashTables data took   2.78ms
[2019.11.06-15.31.34:945][390]LogPlayLevel: Display: Destroying online subsystem :Context_11
[2019.11.06-15.31.35:209][411]LogSlate: FSceneViewport::OnFocusLost() reason 5
[2019.11.06-15.31.35:247][411]LogUObjectHash: Compacting FUObjectHashTables data took   1.01ms
[2019.11.06-15.31.35:458][411]LogSavePackage: Moving '../../../../../M2/MoteurDeJeux/Fortnite/Saved/ThirdPersonExampleMap063F75764069277C3A91E9B28D5B61A5.tmp' to '../../../../../M2/MoteurDeJeux/Fortnite/Content/ThirdPersonBP/Maps/ThirdPersonExampleMap.umap'
[2019.11.06-15.31.35:551][411]LogSavePackage: Moving '../../../../../M2/MoteurDeJeux/Fortnite/Saved/ThirdPersonExampleMap_BuiltData144A69B4478EAFD8860110B620E503EE.tmp' to '../../../../../M2/MoteurDeJeux/Fortnite/Content/ThirdPersonBP/Maps/ThirdPersonExampleMap_BuiltData.uasset'
[2019.11.06-15.31.37:057][529]LogSlate: FSceneViewport::OnFocusLost() reason 2
[2019.11.06-15.31.37:834][572]LogSlate: FSceneViewport::OnFocusLost() reason 5
[2019.11.06-15.31.37:836][572]LogAssetEditorManager: Opening Asset editor for LevelScriptBlueprint /Game/ThirdPersonBP/Maps/ThirdPersonExampleMap.ThirdPersonExampleMap:PersistentLevel.ThirdPersonExampleMap
[2019.11.06-15.31.47:263][124]LogTemp: Repeating last play command: Selected Viewport
[2019.11.06-15.31.47:268][124]LogBlueprintUserMessages: Early PlayInEditor Detection: Level '/Game/ThirdPersonBP/Maps/ThirdPersonExampleMap.ThirdPersonExampleMap:PersistentLevel' has LevelScriptBlueprint '/Game/ThirdPersonBP/Maps/ThirdPersonExampleMap.ThirdPersonExampleMap:PersistentLevel.ThirdPersonExampleMap' with GeneratedClass '/Game/ThirdPersonBP/Maps/ThirdPersonExampleMap.ThirdPersonExampleMap_C' with ClassGeneratedBy '/Game/ThirdPersonBP/Maps/ThirdPersonExampleMap.ThirdPersonExampleMap:PersistentLevel.ThirdPersonExampleMap'
[2019.11.06-15.31.47:268][124]BlueprintLog: New page: Pre-Play auto-recompile
[2019.11.06-15.31.47:268][124]LogPlayLevel: [PlayLevel] Compiling ThirdPersonExampleMap before play...
[2019.11.06-15.31.47:471][124]LogUObjectHash: Compacting FUObjectHashTables data took   3.81ms
[2019.11.06-15.31.47:471][124]LogPlayLevel: PlayLevel: Blueprint regeneration took 203 ms (1 blueprints)
[2019.11.06-15.31.47:471][124]PIE: New page: PIE session: ThirdPersonExampleMap (6 nov. 2019 17:31:47)
[2019.11.06-15.31.47:471][124]LogPlayLevel: Creating play world package: /Game/ThirdPersonBP/Maps/UEDPIE_0_ThirdPersonExampleMap
[2019.11.06-15.31.47:484][124]LogPlayLevel: PIE: StaticDuplicateObject took: (0.012661s)
[2019.11.06-15.31.47:485][124]LogAIModule: Creating AISystem for world ThirdPersonExampleMap
[2019.11.06-15.31.47:485][124]LogPlayLevel: PIE: World Init took: (0.001302s)
[2019.11.06-15.31.47:485][124]LogPlayLevel: PIE: Created PIE world by copying editor world from /Game/ThirdPersonBP/Maps/ThirdPersonExampleMap.ThirdPersonExampleMap to /Game/ThirdPersonBP/Maps/UEDPIE_0_ThirdPersonExampleMap.ThirdPersonExampleMap (0.014119s)
[2019.11.06-15.31.47:518][124]LogUObjectHash: Compacting FUObjectHashTables data took   2.52ms
[2019.11.06-15.31.47:530][124]LogInit: XAudio2 using 'Haut-parleurs (5- Périphérique High Definition Audio)' : 2 channels at 48 kHz using 16 bits per sample (channel mask 0x3)
[2019.11.06-15.31.47:540][124]LogInit: FAudioDevice initialized.
[2019.11.06-15.31.47:549][124]LogLoad: Game class is 'ThirdPersonGameMode_C'
[2019.11.06-15.31.47:551][124]LogWorld: Bringing World /Game/ThirdPersonBP/Maps/UEDPIE_0_ThirdPersonExampleMap.ThirdPersonExampleMap up for play (max tick rate 0) at 2019.11.06-16.31.47
[2019.11.06-15.31.47:551][124]LogWorld: Bringing up level for play took: 0.002002
[2019.11.06-15.31.47:551][124]LogOnline: OSS: Creating online subsystem instance for: :Context_13
[2019.11.06-15.31.47:553][124]PIE: Play in editor start time for /Game/ThirdPersonBP/Maps/UEDPIE_0_ThirdPersonExampleMap 1,163
[2019.11.06-15.31.47:554][124]LogBlueprintUserMessages: Late PlayInEditor Detection: Level '/Game/ThirdPersonBP/Maps/ThirdPersonExampleMap.ThirdPersonExampleMap:PersistentLevel' has LevelScriptBlueprint '/Game/ThirdPersonBP/Maps/ThirdPersonExampleMap.ThirdPersonExampleMap:PersistentLevel.ThirdPersonExampleMap' with GeneratedClass '/Game/ThirdPersonBP/Maps/ThirdPersonExampleMap.ThirdPersonExampleMap_C' with ClassGeneratedBy '/Game/ThirdPersonBP/Maps/ThirdPersonExampleMap.ThirdPersonExampleMap:PersistentLevel.ThirdPersonExampleMap'
[2019.11.06-15.31.54:582][558]LogScript: Warning: Accessed None trying to read property CallFunc_FinishSpawningActor_ReturnValue
	ThirdPersonExampleMap_C /Game/ThirdPersonBP/Maps/UEDPIE_0_ThirdPersonExampleMap.ThirdPersonExampleMap:PersistentLevel.ThirdPersonExampleMap_C_6
	Function /Game/ThirdPersonBP/Maps/ThirdPersonExampleMap.ThirdPersonExampleMap_C:ExecuteUbergraph_ThirdPersonExampleMap:0557
[2019.11.06-15.31.54:583][558]PIE: Error: Blueprint Runtime Error: "Accessed None trying to read property CallFunc_FinishSpawningActor_ReturnValue". Blueprint:  ThirdPersonExampleMap Function:  Execute Ubergraph Third Person Example Map Graph:  EventGraph Node:  Set Actor Scale 3D
